[2026-03-12 10:45:18.379][DBG][Px70453][Tx63717][Logger] ----------------------------- 
[2026-03-12 10:45:18.379][DBG][Px70453][Tx63717][Logger] MAA Process Start 
[2026-03-12 10:45:18.379][DBG][Px70453][Tx63717][Logger] Version v5.8.1 
[2026-03-12 10:45:18.379][DBG][Px70453][Tx63717][Logger] Built at Mar  4 2026 12:32:14 
[2026-03-12 10:45:18.379][DBG][Px70453][Tx63717][Logger] Darwin arm64 
[2026-03-12 10:45:18.379][DBG][Px70453][Tx63717][Logger] Working /Users/fengyifei02/PycharmProjects/gamescript/maaeve 
[2026-03-12 10:45:18.379][DBG][Px70453][Tx63717][Logger] Logging ./debug/maa.log 
[2026-03-12 10:45:18.379][DBG][Px70453][Tx63717][Logger] ----------------------------- 
[2026-03-12 10:45:18.379][TRC][Px70453][Tx63717][OptionMgr.cpp][L35][bool MaaNS::GlobalNS::OptionMgr::set_log_dir(MaaOptionValue, MaaOptionValueSize)] | leave, 0ms 
[2026-03-12 10:45:18.379][TRC][Px70453][Tx63717][OptionMgr.cpp][L10][bool MaaNS::GlobalNS::OptionMgr::set_option(MaaGlobalOption, MaaOptionValue, MaaOptionValueSize)] | leave, 0ms 
[2026-03-12 10:45:18.379][TRC][Px70453][Tx63717][MaaFramework.cpp][L239][MaaBool MaaGlobalSetOption(MaaGlobalOption, MaaOptionValue, MaaOptionValueSize)] | leave, 0ms 
[2026-03-12 10:45:18.379][DBG][Px70453][Tx63717][MaaFramework.cpp][L239][MaaBool MaaGlobalSetOption(MaaGlobalOption, MaaOptionValue, MaaOptionValueSize)] [key=2] [value=true] [val_size=1] | enter 
[2026-03-12 10:45:18.379][DBG][Px70453][Tx63717][OptionMgr.cpp][L10][bool MaaNS::GlobalNS::OptionMgr::set_option(MaaGlobalOption, MaaOptionValue, MaaOptionValueSize)] [key=2] [value=true] [val_size=1] | enter 
[2026-03-12 10:45:18.379][DBG][Px70453][Tx63717][OptionMgr.cpp][L49][bool MaaNS::GlobalNS::OptionMgr::set_save_draw(MaaOptionValue, MaaOptionValueSize)] | enter 
[2026-03-12 10:45:18.379][INF][Px70453][Tx63717][OptionMgr.cpp][L58][bool MaaNS::GlobalNS::OptionMgr::set_save_draw(MaaOptionValue, MaaOptionValueSize)] Set save draw [save_draw_=false] 
[2026-03-12 10:45:18.379][TRC][Px70453][Tx63717][OptionMgr.cpp][L49][bool MaaNS::GlobalNS::OptionMgr::set_save_draw(MaaOptionValue, MaaOptionValueSize)] | leave, 0ms 
[2026-03-12 10:45:18.379][TRC][Px70453][Tx63717][OptionMgr.cpp][L10][bool MaaNS::GlobalNS::OptionMgr::set_option(MaaGlobalOption, MaaOptionValue, MaaOptionValueSize)] | leave, 0ms 
[2026-03-12 10:45:18.379][TRC][Px70453][Tx63717][MaaFramework.cpp][L239][MaaBool MaaGlobalSetOption(MaaGlobalOption, MaaOptionValue, MaaOptionValueSize)] | leave, 0ms 
[2026-03-12 10:45:18.379][DBG][Px70453][Tx63717][MaaFramework.cpp][L239][MaaBool MaaGlobalSetOption(MaaGlobalOption, MaaOptionValue, MaaOptionValueSize)] [key=7] [value=true] [val_size=1] | enter 
[2026-03-12 10:45:18.379][DBG][Px70453][Tx63717][OptionMgr.cpp][L10][bool MaaNS::GlobalNS::OptionMgr::set_option(MaaGlobalOption, MaaOptionValue, MaaOptionValueSize)] [key=7] [value=true] [val_size=1] | enter 
[2026-03-12 10:45:18.379][DBG][Px70453][Tx63717][OptionMgr.cpp][L99][bool MaaNS::GlobalNS::OptionMgr::set_save_on_error(MaaOptionValue, MaaOptionValueSize)] | enter 
[2026-03-12 10:45:18.379][INF][Px70453][Tx63717][OptionMgr.cpp][L108][bool MaaNS::GlobalNS::OptionMgr::set_save_on_error(MaaOptionValue, MaaOptionValueSize)] Set save on error [save_on_error_=true] 
[2026-03-12 10:45:18.379][TRC][Px70453][Tx63717][OptionMgr.cpp][L99][bool MaaNS::GlobalNS::OptionMgr::set_save_on_error(MaaOptionValue, MaaOptionValueSize)] | leave, 0ms 
[2026-03-12 10:45:18.379][TRC][Px70453][Tx63717][OptionMgr.cpp][L10][bool MaaNS::GlobalNS::OptionMgr::set_option(MaaGlobalOption, MaaOptionValue, MaaOptionValueSize)] | leave, 0ms 
[2026-03-12 10:45:18.379][TRC][Px70453][Tx63717][MaaFramework.cpp][L239][MaaBool MaaGlobalSetOption(MaaGlobalOption, MaaOptionValue, MaaOptionValueSize)] | leave, 0ms 
[2026-03-12 10:45:18.379][DBG][Px70453][Tx63717][MaaFramework.cpp][L239][MaaBool MaaGlobalSetOption(MaaGlobalOption, MaaOptionValue, MaaOptionValueSize)] [key=4] [value=true] [val_size=4] | enter 
[2026-03-12 10:45:18.379][DBG][Px70453][Tx63717][OptionMgr.cpp][L10][bool MaaNS::GlobalNS::OptionMgr::set_option(MaaGlobalOption, MaaOptionValue, MaaOptionValueSize)] [key=4] [value=true] [val_size=4] | enter 
[2026-03-12 10:45:18.379][DBG][Px70453][Tx63717][OptionMgr.cpp][L65][bool MaaNS::GlobalNS::OptionMgr::set_stdout_level(MaaOptionValue, MaaOptionValueSize)] | enter 
[2026-03-12 10:45:18.379][INF][Px70453][Tx63717][OptionMgr.cpp][L74][bool MaaNS::GlobalNS::OptionMgr::set_stdout_level(MaaOptionValue, MaaOptionValueSize)] Set log stdout level [level=2] 
[2026-03-12 10:45:18.379][TRC][Px70453][Tx63717][OptionMgr.cpp][L65][bool MaaNS::GlobalNS::OptionMgr::set_stdout_level(MaaOptionValue, MaaOptionValueSize)] | leave, 0ms 
[2026-03-12 10:45:18.379][TRC][Px70453][Tx63717][OptionMgr.cpp][L10][bool MaaNS::GlobalNS::OptionMgr::set_option(MaaGlobalOption, MaaOptionValue, MaaOptionValueSize)] | leave, 0ms 
[2026-03-12 10:45:18.379][TRC][Px70453][Tx63717][MaaFramework.cpp][L239][MaaBool MaaGlobalSetOption(MaaGlobalOption, MaaOptionValue, MaaOptionValueSize)] | leave, 0ms 
[2026-03-12 10:45:18.379][DBG][Px70453][Tx63717][MaaFramework.cpp][L239][MaaBool MaaGlobalSetOption(MaaGlobalOption, MaaOptionValue, MaaOptionValueSize)] [key=8] [value=true] [val_size=4] | enter 
[2026-03-12 10:45:18.379][DBG][Px70453][Tx63717][OptionMgr.cpp][L10][bool MaaNS::GlobalNS::OptionMgr::set_option(MaaGlobalOption, MaaOptionValue, MaaOptionValueSize)] [key=8] [value=true] [val_size=4] | enter 
[2026-03-12 10:45:18.379][DBG][Px70453][Tx63717][OptionMgr.cpp][L115][bool MaaNS::GlobalNS::OptionMgr::set_draw_quality(MaaOptionValue, MaaOptionValueSize)] | enter 
[2026-03-12 10:45:18.379][INF][Px70453][Tx63717][OptionMgr.cpp][L130][bool MaaNS::GlobalNS::OptionMgr::set_draw_quality(MaaOptionValue, MaaOptionValueSize)] Set draw quality [draw_quality_=85] 
[2026-03-12 10:45:18.379][TRC][Px70453][Tx63717][OptionMgr.cpp][L115][bool MaaNS::GlobalNS::OptionMgr::set_draw_quality(MaaOptionValue, MaaOptionValueSize)] | leave, 0ms 
[2026-03-12 10:45:18.379][TRC][Px70453][Tx63717][OptionMgr.cpp][L10][bool MaaNS::GlobalNS::OptionMgr::set_option(MaaGlobalOption, MaaOptionValue, MaaOptionValueSize)] | leave, 0ms 
[2026-03-12 10:45:18.379][TRC][Px70453][Tx63717][MaaFramework.cpp][L239][MaaBool MaaGlobalSetOption(MaaGlobalOption, MaaOptionValue, MaaOptionValueSize)] | leave, 0ms 
[2026-03-12 10:45:18.379][DBG][Px70453][Tx63717][GlobalOptionConfig.cpp][L83][bool MaaNS::ToolkitNS::GlobalOptionConfig::apply_option()] [bret=true] 
[2026-03-12 10:45:18.379][TRC][Px70453][Tx63717][GlobalOptionConfig.cpp][L67][bool MaaNS::ToolkitNS::GlobalOptionConfig::apply_option()] | leave, 0ms 
[2026-03-12 10:45:18.379][TRC][Px70453][Tx63717][GlobalOptionConfig.cpp][L17][bool MaaNS::ToolkitNS::GlobalOptionConfig::init(const std::filesystem::path &, const json::value &)] | leave, 1ms 
[2026-03-12 10:45:18.379][DBG][Px70453][Tx63717][AdbDeviceFinder.cpp][L16][std::vector<AdbDevice> MaaNS::ToolkitNS::AdbDeviceFinder::find() const] | enter 
[2026-03-12 10:45:18.379][DBG][Px70453][Tx63717][AdbDeviceFinder.cpp][L213][std::vector<AdbDeviceFinder::Emulator> MaaNS::ToolkitNS::AdbDeviceFinder::find_emulators() const] | enter 
[2026-03-12 10:45:18.380][INF][Px70453][Tx63717][AdbDeviceFinder.cpp][L255][std::vector<AdbDeviceFinder::Emulator> MaaNS::ToolkitNS::AdbDeviceFinder::find_emulators() const] [result=[]] 
[2026-03-12 10:45:18.380][TRC][Px70453][Tx63717][AdbDeviceFinder.cpp][L213][std::vector<AdbDeviceFinder::Emulator> MaaNS::ToolkitNS::AdbDeviceFinder::find_emulators() const] | leave, 0ms 
[2026-03-12 10:45:18.381][DBG][Px70453][Tx63717][AdbDeviceFinder.cpp][L66][std::vector<AdbDevice> MaaNS::ToolkitNS::AdbDeviceFinder::find_specified(const std::filesystem::path &, const std::unordered_set<std::string> &, const Emulator &) const] [adb_path=/Users/fengyifei02/Library/Android/sdk/platform-tools/adb] | enter 
[2026-03-12 10:45:18.381][DBG][Px70453][Tx63717][AdbDeviceFinder.cpp][L90][std::vector<std::string> MaaNS::ToolkitNS::AdbDeviceFinder::find_serials_by_adb_command(const std::filesystem::path &) const] [adb_path=/Users/fengyifei02/Library/Android/sdk/platform-tools/adb] | enter 
[2026-03-12 10:45:18.381][DBG][Px70453][Tx63717][LibraryHolder.h][L49][static bool MaaNS::LibraryHolder<MaaNS::AdbControlUnitLibraryHolder>::load_library(const std::filesystem::path &) [T = MaaNS::AdbControlUnitLibraryHolder]] [libname=/Library/Frameworks/Python.framework/Versions/3.12/lib/python3.12/site-packages/maa/bin/MaaAdbControlUnit] | enter 
[2026-03-12 10:45:18.381][INF][Px70453][Tx63717][LibraryHolder.h][L65][static bool MaaNS::LibraryHolder<MaaNS::AdbControlUnitLibraryHolder>::load_library(const std::filesystem::path &) [T = MaaNS::AdbControlUnitLibraryHolder]] Loading library [libname=/Library/Frameworks/Python.framework/Versions/3.12/lib/python3.12/site-packages/maa/bin/MaaAdbControlUnit] 
[2026-03-12 10:45:18.410][TRC][Px70453][Tx63717][LibraryHolder.h][L49][static bool MaaNS::LibraryHolder<MaaNS::AdbControlUnitLibraryHolder>::load_library(const std::filesystem::path &) [T = MaaNS::AdbControlUnitLibraryHolder]] | leave, 29ms 
[2026-03-12 10:45:18.411][DBG][Px70453][Tx63717][LibraryHolder.h][L113][static boost::function<FuncT> MaaNS::LibraryHolder<MaaNS::AdbControlUnitLibraryHolder>::get_function(const std::string &) [T = MaaNS::AdbControlUnitLibraryHolder, FuncT = const char *()]] [func_name=MaaAdbControlUnitGetVersion] | enter 
[2026-03-12 10:45:18.411][TRC][Px70453][Tx63717][LibraryHolder.h][L113][static boost::function<FuncT> MaaNS::LibraryHolder<MaaNS::AdbControlUnitLibraryHolder>::get_function(const std::string &) [T = MaaNS::AdbControlUnitLibraryHolder, FuncT = const char *()]] | leave, 0ms 
[2026-03-12 10:45:18.411][INF][Px70453][Tx63717][ControlUnit.cpp][L26][bool MaaNS::check_version(const std::string &) [ControlUnitT = MaaNS::AdbControlUnitLibraryHolder, GetVersionT = const char *()]] N5MaaNS27AdbControlUnitLibraryHolderE Library version: v5.8.1 
[2026-03-12 10:45:18.411][DBG][Px70453][Tx63717][LibraryHolder.h][L113][static boost::function<FuncT> MaaNS::LibraryHolder<MaaNS::AdbControlUnitLibraryHolder>::get_function(const std::string &) [T = MaaNS::AdbControlUnitLibraryHolder, FuncT = MaaNS::CtrlUnitNs::AdbControlUnitAPI *(const char *, const char *, unsigned long long, unsigned long long, const char *, const char *)]] [func_name=MaaAdbControlUnitCreate] | enter 
[2026-03-12 10:45:18.411][TRC][Px70453][Tx63717][LibraryHolder.h][L113][static boost::function<FuncT> MaaNS::LibraryHolder<MaaNS::AdbControlUnitLibraryHolder>::get_function(const std::string &) [T = MaaNS::AdbControlUnitLibraryHolder, FuncT = MaaNS::CtrlUnitNs::AdbControlUnitAPI *(const char *, const char *, unsigned long long, unsigned long long, const char *, const char *)]] | leave, 0ms 
[2026-03-12 10:45:18.411][DBG][Px70453][Tx63717][LibraryHolder.h][L113][static boost::function<FuncT> MaaNS::LibraryHolder<MaaNS::AdbControlUnitLibraryHolder>::get_function(const std::string &) [T = MaaNS::AdbControlUnitLibraryHolder, FuncT = void (MaaNS::CtrlUnitNs::AdbControlUnitAPI *)]] [func_name=MaaAdbControlUnitDestroy] | enter 
[2026-03-12 10:45:18.411][TRC][Px70453][Tx63717][LibraryHolder.h][L113][static boost::function<FuncT> MaaNS::LibraryHolder<MaaNS::AdbControlUnitLibraryHolder>::get_function(const std::string &) [T = MaaNS::AdbControlUnitLibraryHolder, FuncT = void (MaaNS::CtrlUnitNs::AdbControlUnitAPI *)]] | leave, 0ms 
[2026-03-12 10:45:18.411][DBG][Px70453][Tx63717][AdbControlUnitAPI.cpp][L28][MaaAdbControlUnitHandle MaaAdbControlUnitCreate(const char *, const char *, MaaAdbScreencapMethod, MaaAdbInputMethod, const char *, const char *)] [adb_path=/Users/fengyifei02/Library/Android/sdk/platform-tools/adb] [adb_serial=] [screencap_methods=0] [input_methods=0] [config={}] [agent_path=] | enter 
[2026-03-12 10:45:18.411][TRC][Px70453][Tx63717][AdbControlUnitAPI.cpp][L28][MaaAdbControlUnitHandle MaaAdbControlUnitCreate(const char *, const char *, MaaAdbScreencapMethod, MaaAdbInputMethod, const char *, const char *)] | leave, 0ms 
[2026-03-12 10:45:18.411][DBG][Px70453][Tx63717][DeviceList.cpp][L22][std::optional<std::vector<std::string>> MaaNS::CtrlUnitNs::DeviceList::request_devices()] | enter 
[2026-03-12 10:45:18.413][DBG][Px70453][Tx63717][ChildPipeIOStream.cpp][L84][MaaNS::ChildPipeIOStream::ChildPipeIOStream(const std::filesystem::path &, const std::vector<os_string> &, bool)] [exec_=/Users/fengyifei02/Library/Android/sdk/platform-tools/adb] [args_=["devices"]] [child_.id()=70456] 
[2026-03-12 10:45:18.596][DBG][Px70453][Tx63717][UnitBase.cpp][L58][std::optional<std::string> MaaNS::CtrlUnitNs::UnitBase::startup_and_read_pipe(const ProcessArgv &, std::chrono::milliseconds)] [output.size()=26] [duration=184ms] 
[2026-03-12 10:45:18.596][DBG][Px70453][Tx63717][UnitBase.cpp][L60][std::optional<std::string> MaaNS::CtrlUnitNs::UnitBase::startup_and_read_pipe(const ProcessArgv &, std::chrono::milliseconds)] output:
List of devices attached



[2026-03-12 10:45:18.596][INF][Px70453][Tx63717][DeviceList.cpp][L53][std::optional<std::vector<std::string>> MaaNS::CtrlUnitNs::DeviceList::request_devices()] [devices=[]] 
[2026-03-12 10:45:18.596][TRC][Px70453][Tx63717][DeviceList.cpp][L22][std::optional<std::vector<std::string>> MaaNS::CtrlUnitNs::DeviceList::request_devices()] | leave, 184ms 
[2026-03-12 10:45:18.596][DBG][Px70453][Tx63717][AdbDeviceFinder.cpp][L105][std::vector<std::string> MaaNS::ToolkitNS::AdbDeviceFinder::find_serials_by_adb_command(const std::filesystem::path &) const] [devices=[]] 
[2026-03-12 10:45:18.596][DBG][Px70453][Tx63717][AdbControlUnitAPI.cpp][L64][void MaaAdbControlUnitDestroy(MaaAdbControlUnitHandle)] [handle=true] | enter 
[2026-03-12 10:45:18.596][TRC][Px70453][Tx63717][AdbControlUnitAPI.cpp][L64][void MaaAdbControlUnitDestroy(MaaAdbControlUnitHandle)] | leave, 0ms 
[2026-03-12 10:45:18.596][TRC][Px70453][Tx63717][AdbDeviceFinder.cpp][L90][std::vector<std::string> MaaNS::ToolkitNS::AdbDeviceFinder::find_serials_by_adb_command(const std::filesystem::path &) const] | leave, 215ms 
[2026-03-12 10:45:18.596][INF][Px70453][Tx63717][AdbDeviceFinder.cpp][L84][std::vector<AdbDevice> MaaNS::ToolkitNS::AdbDeviceFinder::find_specified(const std::filesystem::path &, const std::unordered_set<std::string> &, const Emulator &) const] [result=[]] 
[2026-03-12 10:45:18.596][TRC][Px70453][Tx63717][AdbDeviceFinder.cpp][L66][std::vector<AdbDevice> MaaNS::ToolkitNS::AdbDeviceFinder::find_specified(const std::filesystem::path &, const std::unordered_set<std::string> &, const Emulator &) const] | leave, 215ms 
[2026-03-12 10:45:18.596][INF][Px70453][Tx63717][AdbDeviceFinder.cpp][L57][std::vector<AdbDevice> MaaNS::ToolkitNS::AdbDeviceFinder::find() const] [result=[]] 
[2026-03-12 10:45:18.596][TRC][Px70453][Tx63717][AdbDeviceFinder.cpp][L16][std::vector<AdbDevice> MaaNS::ToolkitNS::AdbDeviceFinder::find() const] | leave, 216ms 
[2026-03-12 10:45:18.611][DBG][Px70453][Tx63717][MaaFramework.cpp][L208][void MaaResourceDestroy(MaaResource *)] [res=true] | enter 
[2026-03-12 10:45:18.611][DBG][Px70453][Tx63717][ResourceMgr.cpp][L33][virtual MaaNS::ResourceNS::ResourceMgr::~ResourceMgr()] | enter 
[2026-03-12 10:45:18.611][TRC][Px70453][Tx63717][ResourceMgr.cpp][L33][virtual MaaNS::ResourceNS::ResourceMgr::~ResourceMgr()] | leave, 0ms 
[2026-03-12 10:45:18.611][DBG][Px70453][Tx63717][AsyncRunner.hpp][L88][virtual MaaNS::AsyncRunner<MaaNS::ResourceNS::PostPathItem>::~AsyncRunner() [Item = MaaNS::ResourceNS::PostPathItem]] | enter 
[2026-03-12 10:45:18.611][DBG][Px70453][Tx63717][AsyncRunner.hpp][L96][void MaaNS::AsyncRunner<MaaNS::ResourceNS::PostPathItem>::release() [Item = MaaNS::ResourceNS::PostPathItem]] | enter 
[2026-03-12 10:45:18.611][TRC][Px70453][Tx63717][AsyncRunner.hpp][L96][void MaaNS::AsyncRunner<MaaNS::ResourceNS::PostPathItem>::release() [Item = MaaNS::ResourceNS::PostPathItem]] | leave, 0ms 
[2026-03-12 10:45:18.611][TRC][Px70453][Tx63717][AsyncRunner.hpp][L88][virtual MaaNS::AsyncRunner<MaaNS::ResourceNS::PostPathItem>::~AsyncRunner() [Item = MaaNS::ResourceNS::PostPathItem]] | leave, 0ms 
[2026-03-12 10:45:18.611][TRC][Px70453][Tx63717][MaaFramework.cpp][L208][void MaaResourceDestroy(MaaResource *)] | leave, 0ms 
[2026-03-12 10:45:18.627][DBG][Px70453][Tx63717][Logger] ----------------------------- 
[2026-03-12 10:45:18.627][DBG][Px70453][Tx63717][Logger] Close log 
[2026-03-12 10:45:18.627][DBG][Px70453][Tx63717][Logger] ----------------------------- 
[2026-03-12 10:45:37.008][DBG][Px70481][Tx63717][Logger] ----------------------------- 
[2026-03-12 10:45:37.009][DBG][Px70481][Tx63717][Logger] MAA Process Start 
[2026-03-12 10:45:37.009][DBG][Px70481][Tx63717][Logger] Version v5.8.1 
[2026-03-12 10:45:37.009][DBG][Px70481][Tx63717][Logger] Built at Mar  4 2026 12:32:14 
[2026-03-12 10:45:37.009][DBG][Px70481][Tx63717][Logger] Darwin arm64 
[2026-03-12 10:45:37.009][DBG][Px70481][Tx63717][Logger] Working /Users/fengyifei02/PycharmProjects/gamescript/maaeve 
[2026-03-12 10:45:37.009][DBG][Px70481][Tx63717][Logger] Logging ./debug/maa.log 
[2026-03-12 10:45:37.009][DBG][Px70481][Tx63717][Logger] ----------------------------- 
[2026-03-12 10:45:37.009][TRC][Px70481][Tx63717][OptionMgr.cpp][L35][bool MaaNS::GlobalNS::OptionMgr::set_log_dir(MaaOptionValue, MaaOptionValueSize)] | leave, 0ms 
[2026-03-12 10:45:37.009][TRC][Px70481][Tx63717][OptionMgr.cpp][L10][bool MaaNS::GlobalNS::OptionMgr::set_option(MaaGlobalOption, MaaOptionValue, MaaOptionValueSize)] | leave, 0ms 
[2026-03-12 10:45:37.009][TRC][Px70481][Tx63717][MaaFramework.cpp][L239][MaaBool MaaGlobalSetOption(MaaGlobalOption, MaaOptionValue, MaaOptionValueSize)] | leave, 0ms 
[2026-03-12 10:45:37.009][DBG][Px70481][Tx63717][MaaFramework.cpp][L239][MaaBool MaaGlobalSetOption(MaaGlobalOption, MaaOptionValue, MaaOptionValueSize)] [key=2] [value=true] [val_size=1] | enter 
[2026-03-12 10:45:37.009][DBG][Px70481][Tx63717][OptionMgr.cpp][L10][bool MaaNS::GlobalNS::OptionMgr::set_option(MaaGlobalOption, MaaOptionValue, MaaOptionValueSize)] [key=2] [value=true] [val_size=1] | enter 
[2026-03-12 10:45:37.009][DBG][Px70481][Tx63717][OptionMgr.cpp][L49][bool MaaNS::GlobalNS::OptionMgr::set_save_draw(MaaOptionValue, MaaOptionValueSize)] | enter 
[2026-03-12 10:45:37.009][INF][Px70481][Tx63717][OptionMgr.cpp][L58][bool MaaNS::GlobalNS::OptionMgr::set_save_draw(MaaOptionValue, MaaOptionValueSize)] Set save draw [save_draw_=false] 
[2026-03-12 10:45:37.009][TRC][Px70481][Tx63717][OptionMgr.cpp][L49][bool MaaNS::GlobalNS::OptionMgr::set_save_draw(MaaOptionValue, MaaOptionValueSize)] | leave, 0ms 
[2026-03-12 10:45:37.009][TRC][Px70481][Tx63717][OptionMgr.cpp][L10][bool MaaNS::GlobalNS::OptionMgr::set_option(MaaGlobalOption, MaaOptionValue, MaaOptionValueSize)] | leave, 0ms 
[2026-03-12 10:45:37.009][TRC][Px70481][Tx63717][MaaFramework.cpp][L239][MaaBool MaaGlobalSetOption(MaaGlobalOption, MaaOptionValue, MaaOptionValueSize)] | leave, 0ms 
[2026-03-12 10:45:37.009][DBG][Px70481][Tx63717][MaaFramework.cpp][L239][MaaBool MaaGlobalSetOption(MaaGlobalOption, MaaOptionValue, MaaOptionValueSize)] [key=7] [value=true] [val_size=1] | enter 
[2026-03-12 10:45:37.009][DBG][Px70481][Tx63717][OptionMgr.cpp][L10][bool MaaNS::GlobalNS::OptionMgr::set_option(MaaGlobalOption, MaaOptionValue, MaaOptionValueSize)] [key=7] [value=true] [val_size=1] | enter 
[2026-03-12 10:45:37.009][DBG][Px70481][Tx63717][OptionMgr.cpp][L99][bool MaaNS::GlobalNS::OptionMgr::set_save_on_error(MaaOptionValue, MaaOptionValueSize)] | enter 
[2026-03-12 10:45:37.009][INF][Px70481][Tx63717][OptionMgr.cpp][L108][bool MaaNS::GlobalNS::OptionMgr::set_save_on_error(MaaOptionValue, MaaOptionValueSize)] Set save on error [save_on_error_=true] 
[2026-03-12 10:45:37.009][TRC][Px70481][Tx63717][OptionMgr.cpp][L99][bool MaaNS::GlobalNS::OptionMgr::set_save_on_error(MaaOptionValue, MaaOptionValueSize)] | leave, 0ms 
[2026-03-12 10:45:37.009][TRC][Px70481][Tx63717][OptionMgr.cpp][L10][bool MaaNS::GlobalNS::OptionMgr::set_option(MaaGlobalOption, MaaOptionValue, MaaOptionValueSize)] | leave, 0ms 
[2026-03-12 10:45:37.009][TRC][Px70481][Tx63717][MaaFramework.cpp][L239][MaaBool MaaGlobalSetOption(MaaGlobalOption, MaaOptionValue, MaaOptionValueSize)] | leave, 0ms 
[2026-03-12 10:45:37.009][DBG][Px70481][Tx63717][MaaFramework.cpp][L239][MaaBool MaaGlobalSetOption(MaaGlobalOption, MaaOptionValue, MaaOptionValueSize)] [key=4] [value=true] [val_size=4] | enter 
[2026-03-12 10:45:37.009][DBG][Px70481][Tx63717][OptionMgr.cpp][L10][bool MaaNS::GlobalNS::OptionMgr::set_option(MaaGlobalOption, MaaOptionValue, MaaOptionValueSize)] [key=4] [value=true] [val_size=4] | enter 
[2026-03-12 10:45:37.009][DBG][Px70481][Tx63717][OptionMgr.cpp][L65][bool MaaNS::GlobalNS::OptionMgr::set_stdout_level(MaaOptionValue, MaaOptionValueSize)] | enter 
[2026-03-12 10:45:37.009][INF][Px70481][Tx63717][OptionMgr.cpp][L74][bool MaaNS::GlobalNS::OptionMgr::set_stdout_level(MaaOptionValue, MaaOptionValueSize)] Set log stdout level [level=2] 
[2026-03-12 10:45:37.009][TRC][Px70481][Tx63717][OptionMgr.cpp][L65][bool MaaNS::GlobalNS::OptionMgr::set_stdout_level(MaaOptionValue, MaaOptionValueSize)] | leave, 0ms 
[2026-03-12 10:45:37.009][TRC][Px70481][Tx63717][OptionMgr.cpp][L10][bool MaaNS::GlobalNS::OptionMgr::set_option(MaaGlobalOption, MaaOptionValue, MaaOptionValueSize)] | leave, 0ms 
[2026-03-12 10:45:37.009][TRC][Px70481][Tx63717][MaaFramework.cpp][L239][MaaBool MaaGlobalSetOption(MaaGlobalOption, MaaOptionValue, MaaOptionValueSize)] | leave, 0ms 
[2026-03-12 10:45:37.009][DBG][Px70481][Tx63717][MaaFramework.cpp][L239][MaaBool MaaGlobalSetOption(MaaGlobalOption, MaaOptionValue, MaaOptionValueSize)] [key=8] [value=true] [val_size=4] | enter 
[2026-03-12 10:45:37.009][DBG][Px70481][Tx63717][OptionMgr.cpp][L10][bool MaaNS::GlobalNS::OptionMgr::set_option(MaaGlobalOption, MaaOptionValue, MaaOptionValueSize)] [key=8] [value=true] [val_size=4] | enter 
[2026-03-12 10:45:37.009][DBG][Px70481][Tx63717][OptionMgr.cpp][L115][bool MaaNS::GlobalNS::OptionMgr::set_draw_quality(MaaOptionValue, MaaOptionValueSize)] | enter 
[2026-03-12 10:45:37.009][INF][Px70481][Tx63717][OptionMgr.cpp][L130][bool MaaNS::GlobalNS::OptionMgr::set_draw_quality(MaaOptionValue, MaaOptionValueSize)] Set draw quality [draw_quality_=85] 
[2026-03-12 10:45:37.009][TRC][Px70481][Tx63717][OptionMgr.cpp][L115][bool MaaNS::GlobalNS::OptionMgr::set_draw_quality(MaaOptionValue, MaaOptionValueSize)] | leave, 0ms 
[2026-03-12 10:45:37.009][TRC][Px70481][Tx63717][OptionMgr.cpp][L10][bool MaaNS::GlobalNS::OptionMgr::set_option(MaaGlobalOption, MaaOptionValue, MaaOptionValueSize)] | leave, 0ms 
[2026-03-12 10:45:37.009][TRC][Px70481][Tx63717][MaaFramework.cpp][L239][MaaBool MaaGlobalSetOption(MaaGlobalOption, MaaOptionValue, MaaOptionValueSize)] | leave, 0ms 
[2026-03-12 10:45:37.009][DBG][Px70481][Tx63717][GlobalOptionConfig.cpp][L83][bool MaaNS::ToolkitNS::GlobalOptionConfig::apply_option()] [bret=true] 
[2026-03-12 10:45:37.009][TRC][Px70481][Tx63717][GlobalOptionConfig.cpp][L67][bool MaaNS::ToolkitNS::GlobalOptionConfig::apply_option()] | leave, 0ms 
[2026-03-12 10:45:37.009][TRC][Px70481][Tx63717][GlobalOptionConfig.cpp][L17][bool MaaNS::ToolkitNS::GlobalOptionConfig::init(const std::filesystem::path &, const json::value &)] | leave, 1ms 
[2026-03-12 10:45:37.009][DBG][Px70481][Tx63717][AdbDeviceFinder.cpp][L16][std::vector<AdbDevice> MaaNS::ToolkitNS::AdbDeviceFinder::find() const] | enter 
[2026-03-12 10:45:37.009][DBG][Px70481][Tx63717][AdbDeviceFinder.cpp][L213][std::vector<AdbDeviceFinder::Emulator> MaaNS::ToolkitNS::AdbDeviceFinder::find_emulators() const] | enter 
[2026-03-12 10:45:37.009][INF][Px70481][Tx63717][AdbDeviceFinder.cpp][L255][std::vector<AdbDeviceFinder::Emulator> MaaNS::ToolkitNS::AdbDeviceFinder::find_emulators() const] [result=[]] 
[2026-03-12 10:45:37.009][TRC][Px70481][Tx63717][AdbDeviceFinder.cpp][L213][std::vector<AdbDeviceFinder::Emulator> MaaNS::ToolkitNS::AdbDeviceFinder::find_emulators() const] | leave, 0ms 
[2026-03-12 10:45:37.009][DBG][Px70481][Tx63717][AdbDeviceFinder.cpp][L66][std::vector<AdbDevice> MaaNS::ToolkitNS::AdbDeviceFinder::find_specified(const std::filesystem::path &, const std::unordered_set<std::string> &, const Emulator &) const] [adb_path=/Users/fengyifei02/Library/Android/sdk/platform-tools/adb] | enter 
[2026-03-12 10:45:37.009][DBG][Px70481][Tx63717][AdbDeviceFinder.cpp][L90][std::vector<std::string> MaaNS::ToolkitNS::AdbDeviceFinder::find_serials_by_adb_command(const std::filesystem::path &) const] [adb_path=/Users/fengyifei02/Library/Android/sdk/platform-tools/adb] | enter 
[2026-03-12 10:45:37.010][DBG][Px70481][Tx63717][LibraryHolder.h][L49][static bool MaaNS::LibraryHolder<MaaNS::AdbControlUnitLibraryHolder>::load_library(const std::filesystem::path &) [T = MaaNS::AdbControlUnitLibraryHolder]] [libname=/Library/Frameworks/Python.framework/Versions/3.12/lib/python3.12/site-packages/maa/bin/MaaAdbControlUnit] | enter 
[2026-03-12 10:45:37.010][INF][Px70481][Tx63717][LibraryHolder.h][L65][static bool MaaNS::LibraryHolder<MaaNS::AdbControlUnitLibraryHolder>::load_library(const std::filesystem::path &) [T = MaaNS::AdbControlUnitLibraryHolder]] Loading library [libname=/Library/Frameworks/Python.framework/Versions/3.12/lib/python3.12/site-packages/maa/bin/MaaAdbControlUnit] 
[2026-03-12 10:45:37.012][TRC][Px70481][Tx63717][LibraryHolder.h][L49][static bool MaaNS::LibraryHolder<MaaNS::AdbControlUnitLibraryHolder>::load_library(const std::filesystem::path &) [T = MaaNS::AdbControlUnitLibraryHolder]] | leave, 2ms 
[2026-03-12 10:45:37.012][DBG][Px70481][Tx63717][LibraryHolder.h][L113][static boost::function<FuncT> MaaNS::LibraryHolder<MaaNS::AdbControlUnitLibraryHolder>::get_function(const std::string &) [T = MaaNS::AdbControlUnitLibraryHolder, FuncT = const char *()]] [func_name=MaaAdbControlUnitGetVersion] | enter 
[2026-03-12 10:45:37.012][TRC][Px70481][Tx63717][LibraryHolder.h][L113][static boost::function<FuncT> MaaNS::LibraryHolder<MaaNS::AdbControlUnitLibraryHolder>::get_function(const std::string &) [T = MaaNS::AdbControlUnitLibraryHolder, FuncT = const char *()]] | leave, 0ms 
[2026-03-12 10:45:37.012][INF][Px70481][Tx63717][ControlUnit.cpp][L26][bool MaaNS::check_version(const std::string &) [ControlUnitT = MaaNS::AdbControlUnitLibraryHolder, GetVersionT = const char *()]] N5MaaNS27AdbControlUnitLibraryHolderE Library version: v5.8.1 
[2026-03-12 10:45:37.012][DBG][Px70481][Tx63717][LibraryHolder.h][L113][static boost::function<FuncT> MaaNS::LibraryHolder<MaaNS::AdbControlUnitLibraryHolder>::get_function(const std::string &) [T = MaaNS::AdbControlUnitLibraryHolder, FuncT = MaaNS::CtrlUnitNs::AdbControlUnitAPI *(const char *, const char *, unsigned long long, unsigned long long, const char *, const char *)]] [func_name=MaaAdbControlUnitCreate] | enter 
[2026-03-12 10:45:37.012][TRC][Px70481][Tx63717][LibraryHolder.h][L113][static boost::function<FuncT> MaaNS::LibraryHolder<MaaNS::AdbControlUnitLibraryHolder>::get_function(const std::string &) [T = MaaNS::AdbControlUnitLibraryHolder, FuncT = MaaNS::CtrlUnitNs::AdbControlUnitAPI *(const char *, const char *, unsigned long long, unsigned long long, const char *, const char *)]] | leave, 0ms 
[2026-03-12 10:45:37.012][DBG][Px70481][Tx63717][LibraryHolder.h][L113][static boost::function<FuncT> MaaNS::LibraryHolder<MaaNS::AdbControlUnitLibraryHolder>::get_function(const std::string &) [T = MaaNS::AdbControlUnitLibraryHolder, FuncT = void (MaaNS::CtrlUnitNs::AdbControlUnitAPI *)]] [func_name=MaaAdbControlUnitDestroy] | enter 
[2026-03-12 10:45:37.012][TRC][Px70481][Tx63717][LibraryHolder.h][L113][static boost::function<FuncT> MaaNS::LibraryHolder<MaaNS::AdbControlUnitLibraryHolder>::get_function(const std::string &) [T = MaaNS::AdbControlUnitLibraryHolder, FuncT = void (MaaNS::CtrlUnitNs::AdbControlUnitAPI *)]] | leave, 0ms 
[2026-03-12 10:45:37.012][DBG][Px70481][Tx63717][AdbControlUnitAPI.cpp][L28][MaaAdbControlUnitHandle MaaAdbControlUnitCreate(const char *, const char *, MaaAdbScreencapMethod, MaaAdbInputMethod, const char *, const char *)] [adb_path=/Users/fengyifei02/Library/Android/sdk/platform-tools/adb] [adb_serial=] [screencap_methods=0] [input_methods=0] [config={}] [agent_path=] | enter 
[2026-03-12 10:45:37.012][TRC][Px70481][Tx63717][AdbControlUnitAPI.cpp][L28][MaaAdbControlUnitHandle MaaAdbControlUnitCreate(const char *, const char *, MaaAdbScreencapMethod, MaaAdbInputMethod, const char *, const char *)] | leave, 0ms 
[2026-03-12 10:45:37.012][DBG][Px70481][Tx63717][DeviceList.cpp][L22][std::optional<std::vector<std::string>> MaaNS::CtrlUnitNs::DeviceList::request_devices()] | enter 
[2026-03-12 10:45:37.014][DBG][Px70481][Tx63717][ChildPipeIOStream.cpp][L84][MaaNS::ChildPipeIOStream::ChildPipeIOStream(const std::filesystem::path &, const std::vector<os_string> &, bool)] [exec_=/Users/fengyifei02/Library/Android/sdk/platform-tools/adb] [args_=["devices"]] [child_.id()=70482] 
[2026-03-12 10:45:37.025][DBG][Px70481][Tx63717][UnitBase.cpp][L58][std::optional<std::string> MaaNS::CtrlUnitNs::UnitBase::startup_and_read_pipe(const ProcessArgv &, std::chrono::milliseconds)] [output.size()=42] [duration=12ms] 
[2026-03-12 10:45:37.025][DBG][Px70481][Tx63717][UnitBase.cpp][L60][std::optional<std::string> MaaNS::CtrlUnitNs::UnitBase::startup_and_read_pipe(const ProcessArgv &, std::chrono::milliseconds)] output:
List of devices attached
6858c144	device



[2026-03-12 10:45:37.025][INF][Px70481][Tx63717][DeviceList.cpp][L53][std::optional<std::vector<std::string>> MaaNS::CtrlUnitNs::DeviceList::request_devices()] [devices=["6858c144"]] 
[2026-03-12 10:45:37.025][TRC][Px70481][Tx63717][DeviceList.cpp][L22][std::optional<std::vector<std::string>> MaaNS::CtrlUnitNs::DeviceList::request_devices()] | leave, 12ms 
[2026-03-12 10:45:37.025][DBG][Px70481][Tx63717][AdbDeviceFinder.cpp][L105][std::vector<std::string> MaaNS::ToolkitNS::AdbDeviceFinder::find_serials_by_adb_command(const std::filesystem::path &) const] [devices=["6858c144"]] 
[2026-03-12 10:45:37.025][DBG][Px70481][Tx63717][AdbControlUnitAPI.cpp][L64][void MaaAdbControlUnitDestroy(MaaAdbControlUnitHandle)] [handle=true] | enter 
[2026-03-12 10:45:37.025][TRC][Px70481][Tx63717][AdbControlUnitAPI.cpp][L64][void MaaAdbControlUnitDestroy(MaaAdbControlUnitHandle)] | leave, 0ms 
[2026-03-12 10:45:37.025][TRC][Px70481][Tx63717][AdbDeviceFinder.cpp][L90][std::vector<std::string> MaaNS::ToolkitNS::AdbDeviceFinder::find_serials_by_adb_command(const std::filesystem::path &) const] | leave, 15ms 
[2026-03-12 10:45:37.025][DBG][Px70481][Tx63717][AdbDeviceFinder.cpp][L170][std::optional<AdbDevice> MaaNS::ToolkitNS::AdbDeviceFinder::try_device(const std::filesystem::path &, const std::string &, const Emulator &) const] [adb_path=/Users/fengyifei02/Library/Android/sdk/platform-tools/adb] [serial=6858c144] | enter 
[2026-03-12 10:45:37.025][DBG][Px70481][Tx63717][LibraryHolder.h][L49][static bool MaaNS::LibraryHolder<MaaNS::AdbControlUnitLibraryHolder>::load_library(const std::filesystem::path &) [T = MaaNS::AdbControlUnitLibraryHolder]] [libname=/Library/Frameworks/Python.framework/Versions/3.12/lib/python3.12/site-packages/maa/bin/MaaAdbControlUnit] | enter 
[2026-03-12 10:45:37.025][DBG][Px70481][Tx63717][LibraryHolder.h][L60][static bool MaaNS::LibraryHolder<MaaNS::AdbControlUnitLibraryHolder>::load_library(const std::filesystem::path &) [T = MaaNS::AdbControlUnitLibraryHolder]] Already loaded [libname=/Library/Frameworks/Python.framework/Versions/3.12/lib/python3.12/site-packages/maa/bin/MaaAdbControlUnit] [ref_count_=2] 
[2026-03-12 10:45:37.025][TRC][Px70481][Tx63717][LibraryHolder.h][L49][static bool MaaNS::LibraryHolder<MaaNS::AdbControlUnitLibraryHolder>::load_library(const std::filesystem::path &) [T = MaaNS::AdbControlUnitLibraryHolder]] | leave, 0ms 
[2026-03-12 10:45:37.025][DBG][Px70481][Tx63717][LibraryHolder.h][L113][static boost::function<FuncT> MaaNS::LibraryHolder<MaaNS::AdbControlUnitLibraryHolder>::get_function(const std::string &) [T = MaaNS::AdbControlUnitLibraryHolder, FuncT = const char *()]] [func_name=MaaAdbControlUnitGetVersion] | enter 
[2026-03-12 10:45:37.025][TRC][Px70481][Tx63717][LibraryHolder.h][L113][static boost::function<FuncT> MaaNS::LibraryHolder<MaaNS::AdbControlUnitLibraryHolder>::get_function(const std::string &) [T = MaaNS::AdbControlUnitLibraryHolder, FuncT = const char *()]] | leave, 0ms 
[2026-03-12 10:45:37.025][INF][Px70481][Tx63717][ControlUnit.cpp][L26][bool MaaNS::check_version(const std::string &) [ControlUnitT = MaaNS::AdbControlUnitLibraryHolder, GetVersionT = const char *()]] N5MaaNS27AdbControlUnitLibraryHolderE Library version: v5.8.1 
[2026-03-12 10:45:37.025][DBG][Px70481][Tx63717][LibraryHolder.h][L113][static boost::function<FuncT> MaaNS::LibraryHolder<MaaNS::AdbControlUnitLibraryHolder>::get_function(const std::string &) [T = MaaNS::AdbControlUnitLibraryHolder, FuncT = MaaNS::CtrlUnitNs::AdbControlUnitAPI *(const char *, const char *, unsigned long long, unsigned long long, const char *, const char *)]] [func_name=MaaAdbControlUnitCreate] | enter 
[2026-03-12 10:45:37.025][TRC][Px70481][Tx63717][LibraryHolder.h][L113][static boost::function<FuncT> MaaNS::LibraryHolder<MaaNS::AdbControlUnitLibraryHolder>::get_function(const std::string &) [T = MaaNS::AdbControlUnitLibraryHolder, FuncT = MaaNS::CtrlUnitNs::AdbControlUnitAPI *(const char *, const char *, unsigned long long, unsigned long long, const char *, const char *)]] | leave, 0ms 
[2026-03-12 10:45:37.025][DBG][Px70481][Tx63717][LibraryHolder.h][L113][static boost::function<FuncT> MaaNS::LibraryHolder<MaaNS::AdbControlUnitLibraryHolder>::get_function(const std::string &) [T = MaaNS::AdbControlUnitLibraryHolder, FuncT = void (MaaNS::CtrlUnitNs::AdbControlUnitAPI *)]] [func_name=MaaAdbControlUnitDestroy] | enter 
[2026-03-12 10:45:37.025][TRC][Px70481][Tx63717][LibraryHolder.h][L113][static boost::function<FuncT> MaaNS::LibraryHolder<MaaNS::AdbControlUnitLibraryHolder>::get_function(const std::string &) [T = MaaNS::AdbControlUnitLibraryHolder, FuncT = void (MaaNS::CtrlUnitNs::AdbControlUnitAPI *)]] | leave, 0ms 
[2026-03-12 10:45:37.025][DBG][Px70481][Tx63717][AdbControlUnitAPI.cpp][L28][MaaAdbControlUnitHandle MaaAdbControlUnitCreate(const char *, const char *, MaaAdbScreencapMethod, MaaAdbInputMethod, const char *, const char *)] [adb_path=/Users/fengyifei02/Library/Android/sdk/platform-tools/adb] [adb_serial=6858c144] [screencap_methods=0] [input_methods=0] [config={}] [agent_path=] | enter 
[2026-03-12 10:45:37.025][TRC][Px70481][Tx63717][AdbControlUnitAPI.cpp][L28][MaaAdbControlUnitHandle MaaAdbControlUnitCreate(const char *, const char *, MaaAdbScreencapMethod, MaaAdbInputMethod, const char *, const char *)] | leave, 0ms 
[2026-03-12 10:45:37.025][DBG][Px70481][Tx63717][Connection.cpp][L48][bool MaaNS::CtrlUnitNs::Connection::connect()] | enter 
[2026-03-12 10:45:37.025][DBG][Px70481][Tx63717][Connection.cpp][L83][bool MaaNS::CtrlUnitNs::Connection::test_connection()] | enter 
[2026-03-12 10:45:37.026][DBG][Px70481][Tx63717][ChildPipeIOStream.cpp][L84][MaaNS::ChildPipeIOStream::ChildPipeIOStream(const std::filesystem::path &, const std::vector<os_string> &, bool)] [exec_=/Users/fengyifei02/Library/Android/sdk/platform-tools/adb] [args_=["-s","6858c144","get-state"]] [child_.id()=70483] 
[2026-03-12 10:45:37.036][DBG][Px70481][Tx63717][UnitBase.cpp][L58][std::optional<std::string> MaaNS::CtrlUnitNs::UnitBase::startup_and_read_pipe(const ProcessArgv &, std::chrono::milliseconds)] [output.size()=7] [duration=11ms] 
[2026-03-12 10:45:37.036][DBG][Px70481][Tx63717][UnitBase.cpp][L60][std::optional<std::string> MaaNS::CtrlUnitNs::UnitBase::startup_and_read_pipe(const ProcessArgv &, std::chrono::milliseconds)] output:
device


[2026-03-12 10:45:37.036][TRC][Px70481][Tx63717][Connection.cpp][L83][bool MaaNS::CtrlUnitNs::Connection::test_connection()] | leave, 11ms 
[2026-03-12 10:45:37.036][DBG][Px70481][Tx63717][Connection.cpp][L126][bool MaaNS::CtrlUnitNs::Connection::start_monitor()] | enter 
[2026-03-12 10:45:37.038][DBG][Px70481][Tx63717][ChildPipeIOStream.cpp][L84][MaaNS::ChildPipeIOStream::ChildPipeIOStream(const std::filesystem::path &, const std::vector<os_string> &, bool)] [exec_=/Users/fengyifei02/Library/Android/sdk/platform-tools/adb] [args_=["-s","6858c144","shell","cat"]] [child_.id()=70484] 
[2026-03-12 10:45:37.038][INF][Px70481][Tx63717][Connection.cpp][L138][bool MaaNS::CtrlUnitNs::Connection::start_monitor()] monitor started 
[2026-03-12 10:45:37.038][TRC][Px70481][Tx63717][Connection.cpp][L126][bool MaaNS::CtrlUnitNs::Connection::start_monitor()] | leave, 1ms 
[2026-03-12 10:45:37.038][TRC][Px70481][Tx63717][Connection.cpp][L48][bool MaaNS::CtrlUnitNs::Connection::connect()] | leave, 13ms 
[2026-03-12 10:45:37.038][WRN][Px70481][Tx63717][AdbControlUnitMgr.cpp][L65][virtual bool MaaNS::CtrlUnitNs::AdbControlUnitMgr::connect()] screencap_methods_ is MaaAdbScreencapMethod_None 
[2026-03-12 10:45:37.038][WRN][Px70481][Tx63717][AdbControlUnitMgr.cpp][L81][virtual bool MaaNS::CtrlUnitNs::AdbControlUnitMgr::connect()] input_methods_ is MaaAdbInputMethod_None 
[2026-03-12 10:45:37.038][DBG][Px70481][Tx63717][AdbCommand.cpp][L21][std::optional<std::string> MaaNS::CtrlUnitNs::AdbCommand::shell(const std::string &, std::chrono::milliseconds)] [cmd=getprop | grep ro.product.brand] [timeout=20000ms] | enter 
[2026-03-12 10:45:37.039][DBG][Px70481][Tx63717][ChildPipeIOStream.cpp][L84][MaaNS::ChildPipeIOStream::ChildPipeIOStream(const std::filesystem::path &, const std::vector<os_string> &, bool)] [exec_=/Users/fengyifei02/Library/Android/sdk/platform-tools/adb] [args_=["-s","6858c144","shell","getprop | grep ro.product.brand"]] [child_.id()=70485] 
[2026-03-12 10:45:37.077][DBG][Px70481][Tx63717][UnitBase.cpp][L58][std::optional<std::string> MaaNS::CtrlUnitNs::UnitBase::startup_and_read_pipe(const ProcessArgv &, std::chrono::milliseconds)] [output.size()=74] [duration=38ms] 
[2026-03-12 10:45:37.077][DBG][Px70481][Tx63717][UnitBase.cpp][L60][std::optional<std::string> MaaNS::CtrlUnitNs::UnitBase::startup_and_read_pipe(const ProcessArgv &, std::chrono::milliseconds)] output:
[ro.product.brand]: [Xiaomi]
[ro.product.brand_for_attestation]: [Xiaomi]


[2026-03-12 10:45:37.077][TRC][Px70481][Tx63717][AdbCommand.cpp][L21][std::optional<std::string> MaaNS::CtrlUnitNs::AdbCommand::shell(const std::string &, std::chrono::milliseconds)] | leave, 39ms 
[2026-03-12 10:45:37.077][DBG][Px70481][Tx63717][AdbControlUnitAPI.cpp][L64][void MaaAdbControlUnitDestroy(MaaAdbControlUnitHandle)] [handle=true] | enter 
[2026-03-12 10:45:37.077][DBG][Px70481][Tx63717][Connection.cpp][L145][void MaaNS::CtrlUnitNs::Connection::stop_monitor()] | enter 
[2026-03-12 10:45:37.178][WRN][Px70481][Tx63717][ChildPipeIOStream.cpp][L121][virtual bool MaaNS::ChildPipeIOStream::release()] child exit with 383 [exec_=/Users/fengyifei02/Library/Android/sdk/platform-tools/adb] [args_=["-s","6858c144","shell","cat"]] [child_.id()=70484] 
[2026-03-12 10:45:37.178][WRN][Px70481][Tx63717][ChildPipeIOStream.cpp][L121][virtual bool MaaNS::ChildPipeIOStream::release()] child exit with 383 [exec_=/Users/fengyifei02/Library/Android/sdk/platform-tools/adb] [args_=["-s","6858c144","shell","cat"]] [child_.id()=70484] 
[2026-03-12 10:45:37.178][TRC][Px70481][Tx63717][Connection.cpp][L145][void MaaNS::CtrlUnitNs::Connection::stop_monitor()] | leave, 100ms 
[2026-03-12 10:45:37.178][TRC][Px70481][Tx63717][AdbControlUnitAPI.cpp][L64][void MaaAdbControlUnitDestroy(MaaAdbControlUnitHandle)] | leave, 100ms 
[2026-03-12 10:45:37.178][TRC][Px70481][Tx63717][AdbDeviceFinder.cpp][L170][std::optional<AdbDevice> MaaNS::ToolkitNS::AdbDeviceFinder::try_device(const std::filesystem::path &, const std::string &, const Emulator &) const] | leave, 153ms 
[2026-03-12 10:45:37.178][INF][Px70481][Tx63717][AdbDeviceFinder.cpp][L84][std::vector<AdbDevice> MaaNS::ToolkitNS::AdbDeviceFinder::find_specified(const std::filesystem::path &, const std::unordered_set<std::string> &, const Emulator &) const] [result=[{"adb_path":"/Users/fengyifei02/Library/Android/sdk/platform-tools/adb","config":{},"input_methods":18446744073709551607,"name":"6858c144-/Users/fengyifei02/Library/Android/sdk/platform-tools/adb","screencap_methods":18446744073709551559,"serial":"6858c144"}]] 
[2026-03-12 10:45:37.178][TRC][Px70481][Tx63717][AdbDeviceFinder.cpp][L66][std::vector<AdbDevice> MaaNS::ToolkitNS::AdbDeviceFinder::find_specified(const std::filesystem::path &, const std::unordered_set<std::string> &, const Emulator &) const] | leave, 168ms 
[2026-03-12 10:45:37.178][INF][Px70481][Tx63717][AdbDeviceFinder.cpp][L57][std::vector<AdbDevice> MaaNS::ToolkitNS::AdbDeviceFinder::find() const] [result=[{"adb_path":"/Users/fengyifei02/Library/Android/sdk/platform-tools/adb","config":{},"input_methods":18446744073709551607,"name":"6858c144-/Users/fengyifei02/Library/Android/sdk/platform-tools/adb","screencap_methods":18446744073709551559,"serial":"6858c144"}]] 
[2026-03-12 10:45:37.178][TRC][Px70481][Tx63717][AdbDeviceFinder.cpp][L16][std::vector<AdbDevice> MaaNS::ToolkitNS::AdbDeviceFinder::find() const] | leave, 168ms 
[2026-03-12 10:45:37.178][DBG][Px70481][Tx63717][MaaFramework.cpp][L20][MaaController *MaaAdbControllerCreate(const char *, const char *, MaaAdbScreencapMethod, MaaAdbInputMethod, const char *, const char *)] [adb_path=/Users/fengyifei02/Library/Android/sdk/platform-tools/adb] [address=6858c144] [screencap_methods=18446744073709551559] [input_methods=18446744073709551607] [config={}] [agent_path=/Library/Frameworks/Python.framework/Versions/3.12/lib/python3.12/site-packages/maa/../MaaAgentBinary] | enter 
[2026-03-12 10:45:37.178][DBG][Px70481][Tx63717][LibraryHolder.h][L49][static bool MaaNS::LibraryHolder<MaaNS::AdbControlUnitLibraryHolder>::load_library(const std::filesystem::path &) [T = MaaNS::AdbControlUnitLibraryHolder]] [libname=/Library/Frameworks/Python.framework/Versions/3.12/lib/python3.12/site-packages/maa/bin/MaaAdbControlUnit] | enter 
[2026-03-12 10:45:37.178][DBG][Px70481][Tx63717][LibraryHolder.h][L60][static bool MaaNS::LibraryHolder<MaaNS::AdbControlUnitLibraryHolder>::load_library(const std::filesystem::path &) [T = MaaNS::AdbControlUnitLibraryHolder]] Already loaded [libname=/Library/Frameworks/Python.framework/Versions/3.12/lib/python3.12/site-packages/maa/bin/MaaAdbControlUnit] [ref_count_=3] 
[2026-03-12 10:45:37.178][TRC][Px70481][Tx63717][LibraryHolder.h][L49][static bool MaaNS::LibraryHolder<MaaNS::AdbControlUnitLibraryHolder>::load_library(const std::filesystem::path &) [T = MaaNS::AdbControlUnitLibraryHolder]] | leave, 0ms 
[2026-03-12 10:45:37.178][DBG][Px70481][Tx63717][LibraryHolder.h][L113][static boost::function<FuncT> MaaNS::LibraryHolder<MaaNS::AdbControlUnitLibraryHolder>::get_function(const std::string &) [T = MaaNS::AdbControlUnitLibraryHolder, FuncT = const char *()]] [func_name=MaaAdbControlUnitGetVersion] | enter 
[2026-03-12 10:45:37.178][TRC][Px70481][Tx63717][LibraryHolder.h][L113][static boost::function<FuncT> MaaNS::LibraryHolder<MaaNS::AdbControlUnitLibraryHolder>::get_function(const std::string &) [T = MaaNS::AdbControlUnitLibraryHolder, FuncT = const char *()]] | leave, 0ms 
[2026-03-12 10:45:37.178][INF][Px70481][Tx63717][ControlUnit.cpp][L26][bool MaaNS::check_version(const std::string &) [ControlUnitT = MaaNS::AdbControlUnitLibraryHolder, GetVersionT = const char *()]] N5MaaNS27AdbControlUnitLibraryHolderE Library version: v5.8.1 
[2026-03-12 10:45:37.178][DBG][Px70481][Tx63717][LibraryHolder.h][L113][static boost::function<FuncT> MaaNS::LibraryHolder<MaaNS::AdbControlUnitLibraryHolder>::get_function(const std::string &) [T = MaaNS::AdbControlUnitLibraryHolder, FuncT = MaaNS::CtrlUnitNs::AdbControlUnitAPI *(const char *, const char *, unsigned long long, unsigned long long, const char *, const char *)]] [func_name=MaaAdbControlUnitCreate] | enter 
[2026-03-12 10:45:37.178][TRC][Px70481][Tx63717][LibraryHolder.h][L113][static boost::function<FuncT> MaaNS::LibraryHolder<MaaNS::AdbControlUnitLibraryHolder>::get_function(const std::string &) [T = MaaNS::AdbControlUnitLibraryHolder, FuncT = MaaNS::CtrlUnitNs::AdbControlUnitAPI *(const char *, const char *, unsigned long long, unsigned long long, const char *, const char *)]] | leave, 0ms 
[2026-03-12 10:45:37.178][DBG][Px70481][Tx63717][LibraryHolder.h][L113][static boost::function<FuncT> MaaNS::LibraryHolder<MaaNS::AdbControlUnitLibraryHolder>::get_function(const std::string &) [T = MaaNS::AdbControlUnitLibraryHolder, FuncT = void (MaaNS::CtrlUnitNs::AdbControlUnitAPI *)]] [func_name=MaaAdbControlUnitDestroy] | enter 
[2026-03-12 10:45:37.178][TRC][Px70481][Tx63717][LibraryHolder.h][L113][static boost::function<FuncT> MaaNS::LibraryHolder<MaaNS::AdbControlUnitLibraryHolder>::get_function(const std::string &) [T = MaaNS::AdbControlUnitLibraryHolder, FuncT = void (MaaNS::CtrlUnitNs::AdbControlUnitAPI *)]] | leave, 0ms 
[2026-03-12 10:45:37.178][DBG][Px70481][Tx63717][AdbControlUnitAPI.cpp][L28][MaaAdbControlUnitHandle MaaAdbControlUnitCreate(const char *, const char *, MaaAdbScreencapMethod, MaaAdbInputMethod, const char *, const char *)] [adb_path=/Users/fengyifei02/Library/Android/sdk/platform-tools/adb] [adb_serial=6858c144] [screencap_methods=18446744073709551559] [input_methods=18446744073709551607] [config={}] [agent_path=/Library/Frameworks/Python.framework/Versions/3.12/lib/python3.12/site-packages/maa/../MaaAgentBinary] | enter 
[2026-03-12 10:45:37.178][TRC][Px70481][Tx63717][AdbControlUnitAPI.cpp][L28][MaaAdbControlUnitHandle MaaAdbControlUnitCreate(const char *, const char *, MaaAdbScreencapMethod, MaaAdbInputMethod, const char *, const char *)] | leave, 0ms 
[2026-03-12 10:45:37.179][DBG][Px70481][Tx63717][ControllerAgent.cpp][L15][MaaNS::ControllerNS::ControllerAgent::ControllerAgent(std::shared_ptr<MaaNS::CtrlUnitNs::ControlUnitAPI>)] [control_unit_=0x104ee8a80] | enter 
[2026-03-12 10:45:37.179][INF][Px70481][Tx63717][ControllerAgent.cpp][L18][MaaNS::ControllerNS::ControllerAgent::ControllerAgent(std::shared_ptr<MaaNS::CtrlUnitNs::ControlUnitAPI>)] [plugin_mgr.get_names()=["/Library/Frameworks/Python.framework/Versions/3.12/lib/python3.12/site-packages/maa/bin/plugins/libMaaPluginDemo.dylib"]] 
[2026-03-12 10:45:37.179][INF][Px70481][Tx63717][EventDispatcher.hpp][L37][virtual MaaSinkId MaaNS::EventDispatcher::add_sink(MaaEventCallback, void *)] [callback=true] [trans_arg=true] 
[2026-03-12 10:45:37.179][TRC][Px70481][Tx63717][ControllerAgent.cpp][L15][MaaNS::ControllerNS::ControllerAgent::ControllerAgent(std::shared_ptr<MaaNS::CtrlUnitNs::ControlUnitAPI>)] | leave, 0ms 
[2026-03-12 10:45:37.179][TRC][Px70481][Tx63717][MaaFramework.cpp][L20][MaaController *MaaAdbControllerCreate(const char *, const char *, MaaAdbScreencapMethod, MaaAdbInputMethod, const char *, const char *)] | leave, 0ms 
[2026-03-12 10:45:37.179][DBG][Px70481][Tx63717][MaaFramework.cpp][L189][void MaaControllerDestroy(MaaController *)] [ctrl=true] | enter 
[2026-03-12 10:45:37.179][DBG][Px70481][Tx63717][ControllerAgent.cpp][L30][virtual MaaNS::ControllerNS::ControllerAgent::~ControllerAgent()] | enter 
[2026-03-12 10:45:37.179][TRC][Px70481][Tx63717][ControllerAgent.cpp][L30][virtual MaaNS::ControllerNS::ControllerAgent::~ControllerAgent()] | leave, 0ms 
[2026-03-12 10:45:37.179][DBG][Px70481][Tx63717][AsyncRunner.hpp][L88][virtual MaaNS::AsyncRunner<MaaNS::ControllerNS::Action>::~AsyncRunner() [Item = MaaNS::ControllerNS::Action]] | enter 
[2026-03-12 10:45:37.179][DBG][Px70481][Tx63717][AsyncRunner.hpp][L96][void MaaNS::AsyncRunner<MaaNS::ControllerNS::Action>::release() [Item = MaaNS::ControllerNS::Action]] | enter 
[2026-03-12 10:45:37.179][TRC][Px70481][Tx63717][AsyncRunner.hpp][L96][void MaaNS::AsyncRunner<MaaNS::ControllerNS::Action>::release() [Item = MaaNS::ControllerNS::Action]] | leave, 0ms 
[2026-03-12 10:45:37.179][TRC][Px70481][Tx63717][AsyncRunner.hpp][L88][virtual MaaNS::AsyncRunner<MaaNS::ControllerNS::Action>::~AsyncRunner() [Item = MaaNS::ControllerNS::Action]] | leave, 0ms 
[2026-03-12 10:45:37.179][DBG][Px70481][Tx63717][AdbControlUnitAPI.cpp][L64][void MaaAdbControlUnitDestroy(MaaAdbControlUnitHandle)] [handle=true] | enter 
[2026-03-12 10:45:37.179][TRC][Px70481][Tx63717][AdbControlUnitAPI.cpp][L64][void MaaAdbControlUnitDestroy(MaaAdbControlUnitHandle)] | leave, 0ms 
[2026-03-12 10:45:37.179][TRC][Px70481][Tx63717][MaaFramework.cpp][L189][void MaaControllerDestroy(MaaController *)] | leave, 0ms 
[2026-03-12 10:45:37.189][DBG][Px70481][Tx63717][MaaFramework.cpp][L208][void MaaResourceDestroy(MaaResource *)] [res=true] | enter 
[2026-03-12 10:45:37.189][DBG][Px70481][Tx63717][ResourceMgr.cpp][L33][virtual MaaNS::ResourceNS::ResourceMgr::~ResourceMgr()] | enter 
[2026-03-12 10:45:37.189][TRC][Px70481][Tx63717][ResourceMgr.cpp][L33][virtual MaaNS::ResourceNS::ResourceMgr::~ResourceMgr()] | leave, 0ms 
[2026-03-12 10:45:37.189][DBG][Px70481][Tx63717][AsyncRunner.hpp][L88][virtual MaaNS::AsyncRunner<MaaNS::ResourceNS::PostPathItem>::~AsyncRunner() [Item = MaaNS::ResourceNS::PostPathItem]] | enter 
[2026-03-12 10:45:37.189][DBG][Px70481][Tx63717][AsyncRunner.hpp][L96][void MaaNS::AsyncRunner<MaaNS::ResourceNS::PostPathItem>::release() [Item = MaaNS::ResourceNS::PostPathItem]] | enter 
[2026-03-12 10:45:37.189][TRC][Px70481][Tx63717][AsyncRunner.hpp][L96][void MaaNS::AsyncRunner<MaaNS::ResourceNS::PostPathItem>::release() [Item = MaaNS::ResourceNS::PostPathItem]] | leave, 0ms 
[2026-03-12 10:45:37.189][TRC][Px70481][Tx63717][AsyncRunner.hpp][L88][virtual MaaNS::AsyncRunner<MaaNS::ResourceNS::PostPathItem>::~AsyncRunner() [Item = MaaNS::ResourceNS::PostPathItem]] | leave, 0ms 
[2026-03-12 10:45:37.190][TRC][Px70481][Tx63717][MaaFramework.cpp][L208][void MaaResourceDestroy(MaaResource *)] | leave, 0ms 
[2026-03-12 10:45:37.203][DBG][Px70481][Tx63717][Logger] ----------------------------- 
[2026-03-12 10:45:37.203][DBG][Px70481][Tx63717][Logger] Close log 
[2026-03-12 10:45:37.203][DBG][Px70481][Tx63717][Logger] ----------------------------- 
[2026-03-12 10:47:34.003][DBG][Px70663][Tx63717][Logger] ----------------------------- 
[2026-03-12 10:47:34.003][DBG][Px70663][Tx63717][Logger] MAA Process Start 
[2026-03-12 10:47:34.003][DBG][Px70663][Tx63717][Logger] Version v5.8.1 
[2026-03-12 10:47:34.003][DBG][Px70663][Tx63717][Logger] Built at Mar  4 2026 12:32:14 
[2026-03-12 10:47:34.003][DBG][Px70663][Tx63717][Logger] Darwin arm64 
[2026-03-12 10:47:34.003][DBG][Px70663][Tx63717][Logger] Working /Users/fengyifei02/PycharmProjects/gamescript/maaeve 
[2026-03-12 10:47:34.003][DBG][Px70663][Tx63717][Logger] Logging ./debug/maa.log 
[2026-03-12 10:47:34.003][DBG][Px70663][Tx63717][Logger] ----------------------------- 
[2026-03-12 10:47:34.003][TRC][Px70663][Tx63717][OptionMgr.cpp][L35][bool MaaNS::GlobalNS::OptionMgr::set_log_dir(MaaOptionValue, MaaOptionValueSize)] | leave, 0ms 
[2026-03-12 10:47:34.003][TRC][Px70663][Tx63717][OptionMgr.cpp][L10][bool MaaNS::GlobalNS::OptionMgr::set_option(MaaGlobalOption, MaaOptionValue, MaaOptionValueSize)] | leave, 0ms 
[2026-03-12 10:47:34.003][TRC][Px70663][Tx63717][MaaFramework.cpp][L239][MaaBool MaaGlobalSetOption(MaaGlobalOption, MaaOptionValue, MaaOptionValueSize)] | leave, 0ms 
[2026-03-12 10:47:34.003][DBG][Px70663][Tx63717][MaaFramework.cpp][L239][MaaBool MaaGlobalSetOption(MaaGlobalOption, MaaOptionValue, MaaOptionValueSize)] [key=2] [value=true] [val_size=1] | enter 
[2026-03-12 10:47:34.003][DBG][Px70663][Tx63717][OptionMgr.cpp][L10][bool MaaNS::GlobalNS::OptionMgr::set_option(MaaGlobalOption, MaaOptionValue, MaaOptionValueSize)] [key=2] [value=true] [val_size=1] | enter 
[2026-03-12 10:47:34.003][DBG][Px70663][Tx63717][OptionMgr.cpp][L49][bool MaaNS::GlobalNS::OptionMgr::set_save_draw(MaaOptionValue, MaaOptionValueSize)] | enter 
[2026-03-12 10:47:34.003][INF][Px70663][Tx63717][OptionMgr.cpp][L58][bool MaaNS::GlobalNS::OptionMgr::set_save_draw(MaaOptionValue, MaaOptionValueSize)] Set save draw [save_draw_=false] 
[2026-03-12 10:47:34.003][TRC][Px70663][Tx63717][OptionMgr.cpp][L49][bool MaaNS::GlobalNS::OptionMgr::set_save_draw(MaaOptionValue, MaaOptionValueSize)] | leave, 0ms 
[2026-03-12 10:47:34.003][TRC][Px70663][Tx63717][OptionMgr.cpp][L10][bool MaaNS::GlobalNS::OptionMgr::set_option(MaaGlobalOption, MaaOptionValue, MaaOptionValueSize)] | leave, 0ms 
[2026-03-12 10:47:34.004][TRC][Px70663][Tx63717][MaaFramework.cpp][L239][MaaBool MaaGlobalSetOption(MaaGlobalOption, MaaOptionValue, MaaOptionValueSize)] | leave, 0ms 
[2026-03-12 10:47:34.004][DBG][Px70663][Tx63717][MaaFramework.cpp][L239][MaaBool MaaGlobalSetOption(MaaGlobalOption, MaaOptionValue, MaaOptionValueSize)] [key=7] [value=true] [val_size=1] | enter 
[2026-03-12 10:47:34.004][DBG][Px70663][Tx63717][OptionMgr.cpp][L10][bool MaaNS::GlobalNS::OptionMgr::set_option(MaaGlobalOption, MaaOptionValue, MaaOptionValueSize)] [key=7] [value=true] [val_size=1] | enter 
[2026-03-12 10:47:34.004][DBG][Px70663][Tx63717][OptionMgr.cpp][L99][bool MaaNS::GlobalNS::OptionMgr::set_save_on_error(MaaOptionValue, MaaOptionValueSize)] | enter 
[2026-03-12 10:47:34.004][INF][Px70663][Tx63717][OptionMgr.cpp][L108][bool MaaNS::GlobalNS::OptionMgr::set_save_on_error(MaaOptionValue, MaaOptionValueSize)] Set save on error [save_on_error_=true] 
[2026-03-12 10:47:34.004][TRC][Px70663][Tx63717][OptionMgr.cpp][L99][bool MaaNS::GlobalNS::OptionMgr::set_save_on_error(MaaOptionValue, MaaOptionValueSize)] | leave, 0ms 
[2026-03-12 10:47:34.004][TRC][Px70663][Tx63717][OptionMgr.cpp][L10][bool MaaNS::GlobalNS::OptionMgr::set_option(MaaGlobalOption, MaaOptionValue, MaaOptionValueSize)] | leave, 0ms 
[2026-03-12 10:47:34.004][TRC][Px70663][Tx63717][MaaFramework.cpp][L239][MaaBool MaaGlobalSetOption(MaaGlobalOption, MaaOptionValue, MaaOptionValueSize)] | leave, 0ms 
[2026-03-12 10:47:34.004][DBG][Px70663][Tx63717][MaaFramework.cpp][L239][MaaBool MaaGlobalSetOption(MaaGlobalOption, MaaOptionValue, MaaOptionValueSize)] [key=4] [value=true] [val_size=4] | enter 
[2026-03-12 10:47:34.004][DBG][Px70663][Tx63717][OptionMgr.cpp][L10][bool MaaNS::GlobalNS::OptionMgr::set_option(MaaGlobalOption, MaaOptionValue, MaaOptionValueSize)] [key=4] [value=true] [val_size=4] | enter 
[2026-03-12 10:47:34.004][DBG][Px70663][Tx63717][OptionMgr.cpp][L65][bool MaaNS::GlobalNS::OptionMgr::set_stdout_level(MaaOptionValue, MaaOptionValueSize)] | enter 
[2026-03-12 10:47:34.004][INF][Px70663][Tx63717][OptionMgr.cpp][L74][bool MaaNS::GlobalNS::OptionMgr::set_stdout_level(MaaOptionValue, MaaOptionValueSize)] Set log stdout level [level=2] 
[2026-03-12 10:47:34.004][TRC][Px70663][Tx63717][OptionMgr.cpp][L65][bool MaaNS::GlobalNS::OptionMgr::set_stdout_level(MaaOptionValue, MaaOptionValueSize)] | leave, 0ms 
[2026-03-12 10:47:34.004][TRC][Px70663][Tx63717][OptionMgr.cpp][L10][bool MaaNS::GlobalNS::OptionMgr::set_option(MaaGlobalOption, MaaOptionValue, MaaOptionValueSize)] | leave, 0ms 
[2026-03-12 10:47:34.004][TRC][Px70663][Tx63717][MaaFramework.cpp][L239][MaaBool MaaGlobalSetOption(MaaGlobalOption, MaaOptionValue, MaaOptionValueSize)] | leave, 0ms 
[2026-03-12 10:47:34.004][DBG][Px70663][Tx63717][MaaFramework.cpp][L239][MaaBool MaaGlobalSetOption(MaaGlobalOption, MaaOptionValue, MaaOptionValueSize)] [key=8] [value=true] [val_size=4] | enter 
[2026-03-12 10:47:34.004][DBG][Px70663][Tx63717][OptionMgr.cpp][L10][bool MaaNS::GlobalNS::OptionMgr::set_option(MaaGlobalOption, MaaOptionValue, MaaOptionValueSize)] [key=8] [value=true] [val_size=4] | enter 
[2026-03-12 10:47:34.004][DBG][Px70663][Tx63717][OptionMgr.cpp][L115][bool MaaNS::GlobalNS::OptionMgr::set_draw_quality(MaaOptionValue, MaaOptionValueSize)] | enter 
[2026-03-12 10:47:34.004][INF][Px70663][Tx63717][OptionMgr.cpp][L130][bool MaaNS::GlobalNS::OptionMgr::set_draw_quality(MaaOptionValue, MaaOptionValueSize)] Set draw quality [draw_quality_=85] 
[2026-03-12 10:47:34.004][TRC][Px70663][Tx63717][OptionMgr.cpp][L115][bool MaaNS::GlobalNS::OptionMgr::set_draw_quality(MaaOptionValue, MaaOptionValueSize)] | leave, 0ms 
[2026-03-12 10:47:34.004][TRC][Px70663][Tx63717][OptionMgr.cpp][L10][bool MaaNS::GlobalNS::OptionMgr::set_option(MaaGlobalOption, MaaOptionValue, MaaOptionValueSize)] | leave, 0ms 
[2026-03-12 10:47:34.004][TRC][Px70663][Tx63717][MaaFramework.cpp][L239][MaaBool MaaGlobalSetOption(MaaGlobalOption, MaaOptionValue, MaaOptionValueSize)] | leave, 0ms 
[2026-03-12 10:47:34.004][DBG][Px70663][Tx63717][GlobalOptionConfig.cpp][L83][bool MaaNS::ToolkitNS::GlobalOptionConfig::apply_option()] [bret=true] 
[2026-03-12 10:47:34.004][TRC][Px70663][Tx63717][GlobalOptionConfig.cpp][L67][bool MaaNS::ToolkitNS::GlobalOptionConfig::apply_option()] | leave, 0ms 
[2026-03-12 10:47:34.004][TRC][Px70663][Tx63717][GlobalOptionConfig.cpp][L17][bool MaaNS::ToolkitNS::GlobalOptionConfig::init(const std::filesystem::path &, const json::value &)] | leave, 0ms 
[2026-03-12 10:47:34.004][DBG][Px70663][Tx63717][AdbDeviceFinder.cpp][L16][std::vector<AdbDevice> MaaNS::ToolkitNS::AdbDeviceFinder::find() const] | enter 
[2026-03-12 10:47:34.004][DBG][Px70663][Tx63717][AdbDeviceFinder.cpp][L213][std::vector<AdbDeviceFinder::Emulator> MaaNS::ToolkitNS::AdbDeviceFinder::find_emulators() const] | enter 
[2026-03-12 10:47:34.004][INF][Px70663][Tx63717][AdbDeviceFinder.cpp][L255][std::vector<AdbDeviceFinder::Emulator> MaaNS::ToolkitNS::AdbDeviceFinder::find_emulators() const] [result=[]] 
[2026-03-12 10:47:34.004][TRC][Px70663][Tx63717][AdbDeviceFinder.cpp][L213][std::vector<AdbDeviceFinder::Emulator> MaaNS::ToolkitNS::AdbDeviceFinder::find_emulators() const] | leave, 0ms 
[2026-03-12 10:47:34.004][DBG][Px70663][Tx63717][AdbDeviceFinder.cpp][L66][std::vector<AdbDevice> MaaNS::ToolkitNS::AdbDeviceFinder::find_specified(const std::filesystem::path &, const std::unordered_set<std::string> &, const Emulator &) const] [adb_path=/Users/fengyifei02/Library/Android/sdk/platform-tools/adb] | enter 
[2026-03-12 10:47:34.004][DBG][Px70663][Tx63717][AdbDeviceFinder.cpp][L90][std::vector<std::string> MaaNS::ToolkitNS::AdbDeviceFinder::find_serials_by_adb_command(const std::filesystem::path &) const] [adb_path=/Users/fengyifei02/Library/Android/sdk/platform-tools/adb] | enter 
[2026-03-12 10:47:34.005][DBG][Px70663][Tx63717][LibraryHolder.h][L49][static bool MaaNS::LibraryHolder<MaaNS::AdbControlUnitLibraryHolder>::load_library(const std::filesystem::path &) [T = MaaNS::AdbControlUnitLibraryHolder]] [libname=/Library/Frameworks/Python.framework/Versions/3.12/lib/python3.12/site-packages/maa/bin/MaaAdbControlUnit] | enter 
[2026-03-12 10:47:34.005][INF][Px70663][Tx63717][LibraryHolder.h][L65][static bool MaaNS::LibraryHolder<MaaNS::AdbControlUnitLibraryHolder>::load_library(const std::filesystem::path &) [T = MaaNS::AdbControlUnitLibraryHolder]] Loading library [libname=/Library/Frameworks/Python.framework/Versions/3.12/lib/python3.12/site-packages/maa/bin/MaaAdbControlUnit] 
[2026-03-12 10:47:34.007][TRC][Px70663][Tx63717][LibraryHolder.h][L49][static bool MaaNS::LibraryHolder<MaaNS::AdbControlUnitLibraryHolder>::load_library(const std::filesystem::path &) [T = MaaNS::AdbControlUnitLibraryHolder]] | leave, 2ms 
[2026-03-12 10:47:34.007][DBG][Px70663][Tx63717][LibraryHolder.h][L113][static boost::function<FuncT> MaaNS::LibraryHolder<MaaNS::AdbControlUnitLibraryHolder>::get_function(const std::string &) [T = MaaNS::AdbControlUnitLibraryHolder, FuncT = const char *()]] [func_name=MaaAdbControlUnitGetVersion] | enter 
[2026-03-12 10:47:34.007][TRC][Px70663][Tx63717][LibraryHolder.h][L113][static boost::function<FuncT> MaaNS::LibraryHolder<MaaNS::AdbControlUnitLibraryHolder>::get_function(const std::string &) [T = MaaNS::AdbControlUnitLibraryHolder, FuncT = const char *()]] | leave, 0ms 
[2026-03-12 10:47:34.007][INF][Px70663][Tx63717][ControlUnit.cpp][L26][bool MaaNS::check_version(const std::string &) [ControlUnitT = MaaNS::AdbControlUnitLibraryHolder, GetVersionT = const char *()]] N5MaaNS27AdbControlUnitLibraryHolderE Library version: v5.8.1 
[2026-03-12 10:47:34.007][DBG][Px70663][Tx63717][LibraryHolder.h][L113][static boost::function<FuncT> MaaNS::LibraryHolder<MaaNS::AdbControlUnitLibraryHolder>::get_function(const std::string &) [T = MaaNS::AdbControlUnitLibraryHolder, FuncT = MaaNS::CtrlUnitNs::AdbControlUnitAPI *(const char *, const char *, unsigned long long, unsigned long long, const char *, const char *)]] [func_name=MaaAdbControlUnitCreate] | enter 
[2026-03-12 10:47:34.007][TRC][Px70663][Tx63717][LibraryHolder.h][L113][static boost::function<FuncT> MaaNS::LibraryHolder<MaaNS::AdbControlUnitLibraryHolder>::get_function(const std::string &) [T = MaaNS::AdbControlUnitLibraryHolder, FuncT = MaaNS::CtrlUnitNs::AdbControlUnitAPI *(const char *, const char *, unsigned long long, unsigned long long, const char *, const char *)]] | leave, 0ms 
[2026-03-12 10:47:34.007][DBG][Px70663][Tx63717][LibraryHolder.h][L113][static boost::function<FuncT> MaaNS::LibraryHolder<MaaNS::AdbControlUnitLibraryHolder>::get_function(const std::string &) [T = MaaNS::AdbControlUnitLibraryHolder, FuncT = void (MaaNS::CtrlUnitNs::AdbControlUnitAPI *)]] [func_name=MaaAdbControlUnitDestroy] | enter 
[2026-03-12 10:47:34.007][TRC][Px70663][Tx63717][LibraryHolder.h][L113][static boost::function<FuncT> MaaNS::LibraryHolder<MaaNS::AdbControlUnitLibraryHolder>::get_function(const std::string &) [T = MaaNS::AdbControlUnitLibraryHolder, FuncT = void (MaaNS::CtrlUnitNs::AdbControlUnitAPI *)]] | leave, 0ms 
[2026-03-12 10:47:34.007][DBG][Px70663][Tx63717][AdbControlUnitAPI.cpp][L28][MaaAdbControlUnitHandle MaaAdbControlUnitCreate(const char *, const char *, MaaAdbScreencapMethod, MaaAdbInputMethod, const char *, const char *)] [adb_path=/Users/fengyifei02/Library/Android/sdk/platform-tools/adb] [adb_serial=] [screencap_methods=0] [input_methods=0] [config={}] [agent_path=] | enter 
[2026-03-12 10:47:34.007][TRC][Px70663][Tx63717][AdbControlUnitAPI.cpp][L28][MaaAdbControlUnitHandle MaaAdbControlUnitCreate(const char *, const char *, MaaAdbScreencapMethod, MaaAdbInputMethod, const char *, const char *)] | leave, 0ms 
[2026-03-12 10:47:34.007][DBG][Px70663][Tx63717][DeviceList.cpp][L22][std::optional<std::vector<std::string>> MaaNS::CtrlUnitNs::DeviceList::request_devices()] | enter 
[2026-03-12 10:47:34.010][DBG][Px70663][Tx63717][ChildPipeIOStream.cpp][L84][MaaNS::ChildPipeIOStream::ChildPipeIOStream(const std::filesystem::path &, const std::vector<os_string> &, bool)] [exec_=/Users/fengyifei02/Library/Android/sdk/platform-tools/adb] [args_=["devices"]] [child_.id()=70665] 
[2026-03-12 10:47:34.019][DBG][Px70663][Tx63717][UnitBase.cpp][L58][std::optional<std::string> MaaNS::CtrlUnitNs::UnitBase::startup_and_read_pipe(const ProcessArgv &, std::chrono::milliseconds)] [output.size()=42] [duration=12ms] 
[2026-03-12 10:47:34.019][DBG][Px70663][Tx63717][UnitBase.cpp][L60][std::optional<std::string> MaaNS::CtrlUnitNs::UnitBase::startup_and_read_pipe(const ProcessArgv &, std::chrono::milliseconds)] output:
List of devices attached
6858c144	device



[2026-03-12 10:47:34.019][INF][Px70663][Tx63717][DeviceList.cpp][L53][std::optional<std::vector<std::string>> MaaNS::CtrlUnitNs::DeviceList::request_devices()] [devices=["6858c144"]] 
[2026-03-12 10:47:34.019][TRC][Px70663][Tx63717][DeviceList.cpp][L22][std::optional<std::vector<std::string>> MaaNS::CtrlUnitNs::DeviceList::request_devices()] | leave, 12ms 
[2026-03-12 10:47:34.019][DBG][Px70663][Tx63717][AdbDeviceFinder.cpp][L105][std::vector<std::string> MaaNS::ToolkitNS::AdbDeviceFinder::find_serials_by_adb_command(const std::filesystem::path &) const] [devices=["6858c144"]] 
[2026-03-12 10:47:34.019][DBG][Px70663][Tx63717][AdbControlUnitAPI.cpp][L64][void MaaAdbControlUnitDestroy(MaaAdbControlUnitHandle)] [handle=true] | enter 
[2026-03-12 10:47:34.019][TRC][Px70663][Tx63717][AdbControlUnitAPI.cpp][L64][void MaaAdbControlUnitDestroy(MaaAdbControlUnitHandle)] | leave, 0ms 
[2026-03-12 10:47:34.019][TRC][Px70663][Tx63717][AdbDeviceFinder.cpp][L90][std::vector<std::string> MaaNS::ToolkitNS::AdbDeviceFinder::find_serials_by_adb_command(const std::filesystem::path &) const] | leave, 14ms 
[2026-03-12 10:47:34.019][DBG][Px70663][Tx63717][AdbDeviceFinder.cpp][L170][std::optional<AdbDevice> MaaNS::ToolkitNS::AdbDeviceFinder::try_device(const std::filesystem::path &, const std::string &, const Emulator &) const] [adb_path=/Users/fengyifei02/Library/Android/sdk/platform-tools/adb] [serial=6858c144] | enter 
[2026-03-12 10:47:34.019][DBG][Px70663][Tx63717][LibraryHolder.h][L49][static bool MaaNS::LibraryHolder<MaaNS::AdbControlUnitLibraryHolder>::load_library(const std::filesystem::path &) [T = MaaNS::AdbControlUnitLibraryHolder]] [libname=/Library/Frameworks/Python.framework/Versions/3.12/lib/python3.12/site-packages/maa/bin/MaaAdbControlUnit] | enter 
[2026-03-12 10:47:34.019][DBG][Px70663][Tx63717][LibraryHolder.h][L60][static bool MaaNS::LibraryHolder<MaaNS::AdbControlUnitLibraryHolder>::load_library(const std::filesystem::path &) [T = MaaNS::AdbControlUnitLibraryHolder]] Already loaded [libname=/Library/Frameworks/Python.framework/Versions/3.12/lib/python3.12/site-packages/maa/bin/MaaAdbControlUnit] [ref_count_=2] 
[2026-03-12 10:47:34.019][TRC][Px70663][Tx63717][LibraryHolder.h][L49][static bool MaaNS::LibraryHolder<MaaNS::AdbControlUnitLibraryHolder>::load_library(const std::filesystem::path &) [T = MaaNS::AdbControlUnitLibraryHolder]] | leave, 0ms 
[2026-03-12 10:47:34.019][DBG][Px70663][Tx63717][LibraryHolder.h][L113][static boost::function<FuncT> MaaNS::LibraryHolder<MaaNS::AdbControlUnitLibraryHolder>::get_function(const std::string &) [T = MaaNS::AdbControlUnitLibraryHolder, FuncT = const char *()]] [func_name=MaaAdbControlUnitGetVersion] | enter 
[2026-03-12 10:47:34.019][TRC][Px70663][Tx63717][LibraryHolder.h][L113][static boost::function<FuncT> MaaNS::LibraryHolder<MaaNS::AdbControlUnitLibraryHolder>::get_function(const std::string &) [T = MaaNS::AdbControlUnitLibraryHolder, FuncT = const char *()]] | leave, 0ms 
[2026-03-12 10:47:34.019][INF][Px70663][Tx63717][ControlUnit.cpp][L26][bool MaaNS::check_version(const std::string &) [ControlUnitT = MaaNS::AdbControlUnitLibraryHolder, GetVersionT = const char *()]] N5MaaNS27AdbControlUnitLibraryHolderE Library version: v5.8.1 
[2026-03-12 10:47:34.019][DBG][Px70663][Tx63717][LibraryHolder.h][L113][static boost::function<FuncT> MaaNS::LibraryHolder<MaaNS::AdbControlUnitLibraryHolder>::get_function(const std::string &) [T = MaaNS::AdbControlUnitLibraryHolder, FuncT = MaaNS::CtrlUnitNs::AdbControlUnitAPI *(const char *, const char *, unsigned long long, unsigned long long, const char *, const char *)]] [func_name=MaaAdbControlUnitCreate] | enter 
[2026-03-12 10:47:34.019][TRC][Px70663][Tx63717][LibraryHolder.h][L113][static boost::function<FuncT> MaaNS::LibraryHolder<MaaNS::AdbControlUnitLibraryHolder>::get_function(const std::string &) [T = MaaNS::AdbControlUnitLibraryHolder, FuncT = MaaNS::CtrlUnitNs::AdbControlUnitAPI *(const char *, const char *, unsigned long long, unsigned long long, const char *, const char *)]] | leave, 0ms 
[2026-03-12 10:47:34.019][DBG][Px70663][Tx63717][LibraryHolder.h][L113][static boost::function<FuncT> MaaNS::LibraryHolder<MaaNS::AdbControlUnitLibraryHolder>::get_function(const std::string &) [T = MaaNS::AdbControlUnitLibraryHolder, FuncT = void (MaaNS::CtrlUnitNs::AdbControlUnitAPI *)]] [func_name=MaaAdbControlUnitDestroy] | enter 
[2026-03-12 10:47:34.019][TRC][Px70663][Tx63717][LibraryHolder.h][L113][static boost::function<FuncT> MaaNS::LibraryHolder<MaaNS::AdbControlUnitLibraryHolder>::get_function(const std::string &) [T = MaaNS::AdbControlUnitLibraryHolder, FuncT = void (MaaNS::CtrlUnitNs::AdbControlUnitAPI *)]] | leave, 0ms 
[2026-03-12 10:47:34.020][DBG][Px70663][Tx63717][AdbControlUnitAPI.cpp][L28][MaaAdbControlUnitHandle MaaAdbControlUnitCreate(const char *, const char *, MaaAdbScreencapMethod, MaaAdbInputMethod, const char *, const char *)] [adb_path=/Users/fengyifei02/Library/Android/sdk/platform-tools/adb] [adb_serial=6858c144] [screencap_methods=0] [input_methods=0] [config={}] [agent_path=] | enter 
[2026-03-12 10:47:34.020][TRC][Px70663][Tx63717][AdbControlUnitAPI.cpp][L28][MaaAdbControlUnitHandle MaaAdbControlUnitCreate(const char *, const char *, MaaAdbScreencapMethod, MaaAdbInputMethod, const char *, const char *)] | leave, 0ms 
[2026-03-12 10:47:34.020][DBG][Px70663][Tx63717][Connection.cpp][L48][bool MaaNS::CtrlUnitNs::Connection::connect()] | enter 
[2026-03-12 10:47:34.020][DBG][Px70663][Tx63717][Connection.cpp][L83][bool MaaNS::CtrlUnitNs::Connection::test_connection()] | enter 
[2026-03-12 10:47:34.021][DBG][Px70663][Tx63717][ChildPipeIOStream.cpp][L84][MaaNS::ChildPipeIOStream::ChildPipeIOStream(const std::filesystem::path &, const std::vector<os_string> &, bool)] [exec_=/Users/fengyifei02/Library/Android/sdk/platform-tools/adb] [args_=["-s","6858c144","get-state"]] [child_.id()=70666] 
[2026-03-12 10:47:34.030][DBG][Px70663][Tx63717][UnitBase.cpp][L58][std::optional<std::string> MaaNS::CtrlUnitNs::UnitBase::startup_and_read_pipe(const ProcessArgv &, std::chrono::milliseconds)] [output.size()=7] [duration=10ms] 
[2026-03-12 10:47:34.031][DBG][Px70663][Tx63717][UnitBase.cpp][L60][std::optional<std::string> MaaNS::CtrlUnitNs::UnitBase::startup_and_read_pipe(const ProcessArgv &, std::chrono::milliseconds)] output:
device


[2026-03-12 10:47:34.031][TRC][Px70663][Tx63717][Connection.cpp][L83][bool MaaNS::CtrlUnitNs::Connection::test_connection()] | leave, 10ms 
[2026-03-12 10:47:34.031][DBG][Px70663][Tx63717][Connection.cpp][L126][bool MaaNS::CtrlUnitNs::Connection::start_monitor()] | enter 
[2026-03-12 10:47:34.032][DBG][Px70663][Tx63717][ChildPipeIOStream.cpp][L84][MaaNS::ChildPipeIOStream::ChildPipeIOStream(const std::filesystem::path &, const std::vector<os_string> &, bool)] [exec_=/Users/fengyifei02/Library/Android/sdk/platform-tools/adb] [args_=["-s","6858c144","shell","cat"]] [child_.id()=70668] 
[2026-03-12 10:47:34.032][INF][Px70663][Tx63717][Connection.cpp][L138][bool MaaNS::CtrlUnitNs::Connection::start_monitor()] monitor started 
[2026-03-12 10:47:34.032][TRC][Px70663][Tx63717][Connection.cpp][L126][bool MaaNS::CtrlUnitNs::Connection::start_monitor()] | leave, 1ms 
[2026-03-12 10:47:34.032][TRC][Px70663][Tx63717][Connection.cpp][L48][bool MaaNS::CtrlUnitNs::Connection::connect()] | leave, 12ms 
[2026-03-12 10:47:34.032][WRN][Px70663][Tx63717][AdbControlUnitMgr.cpp][L65][virtual bool MaaNS::CtrlUnitNs::AdbControlUnitMgr::connect()] screencap_methods_ is MaaAdbScreencapMethod_None 
[2026-03-12 10:47:34.032][WRN][Px70663][Tx63717][AdbControlUnitMgr.cpp][L81][virtual bool MaaNS::CtrlUnitNs::AdbControlUnitMgr::connect()] input_methods_ is MaaAdbInputMethod_None 
[2026-03-12 10:47:34.032][DBG][Px70663][Tx63717][AdbCommand.cpp][L21][std::optional<std::string> MaaNS::CtrlUnitNs::AdbCommand::shell(const std::string &, std::chrono::milliseconds)] [cmd=getprop | grep ro.product.brand] [timeout=20000ms] | enter 
[2026-03-12 10:47:34.033][DBG][Px70663][Tx63717][ChildPipeIOStream.cpp][L84][MaaNS::ChildPipeIOStream::ChildPipeIOStream(const std::filesystem::path &, const std::vector<os_string> &, bool)] [exec_=/Users/fengyifei02/Library/Android/sdk/platform-tools/adb] [args_=["-s","6858c144","shell","getprop | grep ro.product.brand"]] [child_.id()=70669] 
[2026-03-12 10:47:34.072][DBG][Px70663][Tx63717][UnitBase.cpp][L58][std::optional<std::string> MaaNS::CtrlUnitNs::UnitBase::startup_and_read_pipe(const ProcessArgv &, std::chrono::milliseconds)] [output.size()=74] [duration=39ms] 
[2026-03-12 10:47:34.072][DBG][Px70663][Tx63717][UnitBase.cpp][L60][std::optional<std::string> MaaNS::CtrlUnitNs::UnitBase::startup_and_read_pipe(const ProcessArgv &, std::chrono::milliseconds)] output:
[ro.product.brand]: [Xiaomi]
[ro.product.brand_for_attestation]: [Xiaomi]


[2026-03-12 10:47:34.072][TRC][Px70663][Tx63717][AdbCommand.cpp][L21][std::optional<std::string> MaaNS::CtrlUnitNs::AdbCommand::shell(const std::string &, std::chrono::milliseconds)] | leave, 40ms 
[2026-03-12 10:47:34.072][DBG][Px70663][Tx63717][AdbControlUnitAPI.cpp][L64][void MaaAdbControlUnitDestroy(MaaAdbControlUnitHandle)] [handle=true] | enter 
[2026-03-12 10:47:34.072][DBG][Px70663][Tx63717][Connection.cpp][L145][void MaaNS::CtrlUnitNs::Connection::stop_monitor()] | enter 
[2026-03-12 10:47:34.173][WRN][Px70663][Tx63717][ChildPipeIOStream.cpp][L121][virtual bool MaaNS::ChildPipeIOStream::release()] child exit with 383 [exec_=/Users/fengyifei02/Library/Android/sdk/platform-tools/adb] [args_=["-s","6858c144","shell","cat"]] [child_.id()=70668] 
[2026-03-12 10:47:34.173][WRN][Px70663][Tx63717][ChildPipeIOStream.cpp][L121][virtual bool MaaNS::ChildPipeIOStream::release()] child exit with 383 [exec_=/Users/fengyifei02/Library/Android/sdk/platform-tools/adb] [args_=["-s","6858c144","shell","cat"]] [child_.id()=70668] 
[2026-03-12 10:47:34.173][TRC][Px70663][Tx63717][Connection.cpp][L145][void MaaNS::CtrlUnitNs::Connection::stop_monitor()] | leave, 100ms 
[2026-03-12 10:47:34.173][TRC][Px70663][Tx63717][AdbControlUnitAPI.cpp][L64][void MaaAdbControlUnitDestroy(MaaAdbControlUnitHandle)] | leave, 100ms 
[2026-03-12 10:47:34.173][TRC][Px70663][Tx63717][AdbDeviceFinder.cpp][L170][std::optional<AdbDevice> MaaNS::ToolkitNS::AdbDeviceFinder::try_device(const std::filesystem::path &, const std::string &, const Emulator &) const] | leave, 153ms 
[2026-03-12 10:47:34.173][INF][Px70663][Tx63717][AdbDeviceFinder.cpp][L84][std::vector<AdbDevice> MaaNS::ToolkitNS::AdbDeviceFinder::find_specified(const std::filesystem::path &, const std::unordered_set<std::string> &, const Emulator &) const] [result=[{"adb_path":"/Users/fengyifei02/Library/Android/sdk/platform-tools/adb","config":{},"input_methods":18446744073709551607,"name":"6858c144-/Users/fengyifei02/Library/Android/sdk/platform-tools/adb","screencap_methods":18446744073709551559,"serial":"6858c144"}]] 
[2026-03-12 10:47:34.173][TRC][Px70663][Tx63717][AdbDeviceFinder.cpp][L66][std::vector<AdbDevice> MaaNS::ToolkitNS::AdbDeviceFinder::find_specified(const std::filesystem::path &, const std::unordered_set<std::string> &, const Emulator &) const] | leave, 168ms 
[2026-03-12 10:47:34.173][INF][Px70663][Tx63717][AdbDeviceFinder.cpp][L57][std::vector<AdbDevice> MaaNS::ToolkitNS::AdbDeviceFinder::find() const] [result=[{"adb_path":"/Users/fengyifei02/Library/Android/sdk/platform-tools/adb","config":{},"input_methods":18446744073709551607,"name":"6858c144-/Users/fengyifei02/Library/Android/sdk/platform-tools/adb","screencap_methods":18446744073709551559,"serial":"6858c144"}]] 
[2026-03-12 10:47:34.173][TRC][Px70663][Tx63717][AdbDeviceFinder.cpp][L16][std::vector<AdbDevice> MaaNS::ToolkitNS::AdbDeviceFinder::find() const] | leave, 169ms 
[2026-03-12 10:47:34.173][DBG][Px70663][Tx63717][MaaFramework.cpp][L20][MaaController *MaaAdbControllerCreate(const char *, const char *, MaaAdbScreencapMethod, MaaAdbInputMethod, const char *, const char *)] [adb_path=/Users/fengyifei02/Library/Android/sdk/platform-tools/adb] [address=6858c144] [screencap_methods=18446744073709551559] [input_methods=18446744073709551607] [config={}] [agent_path=/Library/Frameworks/Python.framework/Versions/3.12/lib/python3.12/site-packages/maa/../MaaAgentBinary] | enter 
[2026-03-12 10:47:34.173][DBG][Px70663][Tx63717][LibraryHolder.h][L49][static bool MaaNS::LibraryHolder<MaaNS::AdbControlUnitLibraryHolder>::load_library(const std::filesystem::path &) [T = MaaNS::AdbControlUnitLibraryHolder]] [libname=/Library/Frameworks/Python.framework/Versions/3.12/lib/python3.12/site-packages/maa/bin/MaaAdbControlUnit] | enter 
[2026-03-12 10:47:34.173][DBG][Px70663][Tx63717][LibraryHolder.h][L60][static bool MaaNS::LibraryHolder<MaaNS::AdbControlUnitLibraryHolder>::load_library(const std::filesystem::path &) [T = MaaNS::AdbControlUnitLibraryHolder]] Already loaded [libname=/Library/Frameworks/Python.framework/Versions/3.12/lib/python3.12/site-packages/maa/bin/MaaAdbControlUnit] [ref_count_=3] 
[2026-03-12 10:47:34.173][TRC][Px70663][Tx63717][LibraryHolder.h][L49][static bool MaaNS::LibraryHolder<MaaNS::AdbControlUnitLibraryHolder>::load_library(const std::filesystem::path &) [T = MaaNS::AdbControlUnitLibraryHolder]] | leave, 0ms 
[2026-03-12 10:47:34.173][DBG][Px70663][Tx63717][LibraryHolder.h][L113][static boost::function<FuncT> MaaNS::LibraryHolder<MaaNS::AdbControlUnitLibraryHolder>::get_function(const std::string &) [T = MaaNS::AdbControlUnitLibraryHolder, FuncT = const char *()]] [func_name=MaaAdbControlUnitGetVersion] | enter 
[2026-03-12 10:47:34.173][TRC][Px70663][Tx63717][LibraryHolder.h][L113][static boost::function<FuncT> MaaNS::LibraryHolder<MaaNS::AdbControlUnitLibraryHolder>::get_function(const std::string &) [T = MaaNS::AdbControlUnitLibraryHolder, FuncT = const char *()]] | leave, 0ms 
[2026-03-12 10:47:34.173][INF][Px70663][Tx63717][ControlUnit.cpp][L26][bool MaaNS::check_version(const std::string &) [ControlUnitT = MaaNS::AdbControlUnitLibraryHolder, GetVersionT = const char *()]] N5MaaNS27AdbControlUnitLibraryHolderE Library version: v5.8.1 
[2026-03-12 10:47:34.173][DBG][Px70663][Tx63717][LibraryHolder.h][L113][static boost::function<FuncT> MaaNS::LibraryHolder<MaaNS::AdbControlUnitLibraryHolder>::get_function(const std::string &) [T = MaaNS::AdbControlUnitLibraryHolder, FuncT = MaaNS::CtrlUnitNs::AdbControlUnitAPI *(const char *, const char *, unsigned long long, unsigned long long, const char *, const char *)]] [func_name=MaaAdbControlUnitCreate] | enter 
[2026-03-12 10:47:34.173][TRC][Px70663][Tx63717][LibraryHolder.h][L113][static boost::function<FuncT> MaaNS::LibraryHolder<MaaNS::AdbControlUnitLibraryHolder>::get_function(const std::string &) [T = MaaNS::AdbControlUnitLibraryHolder, FuncT = MaaNS::CtrlUnitNs::AdbControlUnitAPI *(const char *, const char *, unsigned long long, unsigned long long, const char *, const char *)]] | leave, 0ms 
[2026-03-12 10:47:34.173][DBG][Px70663][Tx63717][LibraryHolder.h][L113][static boost::function<FuncT> MaaNS::LibraryHolder<MaaNS::AdbControlUnitLibraryHolder>::get_function(const std::string &) [T = MaaNS::AdbControlUnitLibraryHolder, FuncT = void (MaaNS::CtrlUnitNs::AdbControlUnitAPI *)]] [func_name=MaaAdbControlUnitDestroy] | enter 
[2026-03-12 10:47:34.173][TRC][Px70663][Tx63717][LibraryHolder.h][L113][static boost::function<FuncT> MaaNS::LibraryHolder<MaaNS::AdbControlUnitLibraryHolder>::get_function(const std::string &) [T = MaaNS::AdbControlUnitLibraryHolder, FuncT = void (MaaNS::CtrlUnitNs::AdbControlUnitAPI *)]] | leave, 0ms 
[2026-03-12 10:47:34.173][DBG][Px70663][Tx63717][AdbControlUnitAPI.cpp][L28][MaaAdbControlUnitHandle MaaAdbControlUnitCreate(const char *, const char *, MaaAdbScreencapMethod, MaaAdbInputMethod, const char *, const char *)] [adb_path=/Users/fengyifei02/Library/Android/sdk/platform-tools/adb] [adb_serial=6858c144] [screencap_methods=18446744073709551559] [input_methods=18446744073709551607] [config={}] [agent_path=/Library/Frameworks/Python.framework/Versions/3.12/lib/python3.12/site-packages/maa/../MaaAgentBinary] | enter 
[2026-03-12 10:47:34.173][TRC][Px70663][Tx63717][AdbControlUnitAPI.cpp][L28][MaaAdbControlUnitHandle MaaAdbControlUnitCreate(const char *, const char *, MaaAdbScreencapMethod, MaaAdbInputMethod, const char *, const char *)] | leave, 0ms 
[2026-03-12 10:47:34.174][DBG][Px70663][Tx63717][ControllerAgent.cpp][L15][MaaNS::ControllerNS::ControllerAgent::ControllerAgent(std::shared_ptr<MaaNS::CtrlUnitNs::ControlUnitAPI>)] [control_unit_=0x15d0e2900] | enter 
[2026-03-12 10:47:34.174][INF][Px70663][Tx63717][ControllerAgent.cpp][L18][MaaNS::ControllerNS::ControllerAgent::ControllerAgent(std::shared_ptr<MaaNS::CtrlUnitNs::ControlUnitAPI>)] [plugin_mgr.get_names()=["/Library/Frameworks/Python.framework/Versions/3.12/lib/python3.12/site-packages/maa/bin/plugins/libMaaPluginDemo.dylib"]] 
[2026-03-12 10:47:34.174][INF][Px70663][Tx63717][EventDispatcher.hpp][L37][virtual MaaSinkId MaaNS::EventDispatcher::add_sink(MaaEventCallback, void *)] [callback=true] [trans_arg=true] 
[2026-03-12 10:47:34.174][TRC][Px70663][Tx63717][ControllerAgent.cpp][L15][MaaNS::ControllerNS::ControllerAgent::ControllerAgent(std::shared_ptr<MaaNS::CtrlUnitNs::ControlUnitAPI>)] | leave, 0ms 
[2026-03-12 10:47:34.174][TRC][Px70663][Tx63717][MaaFramework.cpp][L20][MaaController *MaaAdbControllerCreate(const char *, const char *, MaaAdbScreencapMethod, MaaAdbInputMethod, const char *, const char *)] | leave, 0ms 
[2026-03-12 10:47:34.174][DBG][Px70663][Tx63717][MaaFramework.cpp][L189][void MaaControllerDestroy(MaaController *)] [ctrl=true] | enter 
[2026-03-12 10:47:34.174][DBG][Px70663][Tx63717][ControllerAgent.cpp][L30][virtual MaaNS::ControllerNS::ControllerAgent::~ControllerAgent()] | enter 
[2026-03-12 10:47:34.174][TRC][Px70663][Tx63717][ControllerAgent.cpp][L30][virtual MaaNS::ControllerNS::ControllerAgent::~ControllerAgent()] | leave, 0ms 
[2026-03-12 10:47:34.174][DBG][Px70663][Tx63717][AsyncRunner.hpp][L88][virtual MaaNS::AsyncRunner<MaaNS::ControllerNS::Action>::~AsyncRunner() [Item = MaaNS::ControllerNS::Action]] | enter 
[2026-03-12 10:47:34.174][DBG][Px70663][Tx63717][AsyncRunner.hpp][L96][void MaaNS::AsyncRunner<MaaNS::ControllerNS::Action>::release() [Item = MaaNS::ControllerNS::Action]] | enter 
[2026-03-12 10:47:34.174][TRC][Px70663][Tx63717][AsyncRunner.hpp][L96][void MaaNS::AsyncRunner<MaaNS::ControllerNS::Action>::release() [Item = MaaNS::ControllerNS::Action]] | leave, 0ms 
[2026-03-12 10:47:34.174][TRC][Px70663][Tx63717][AsyncRunner.hpp][L88][virtual MaaNS::AsyncRunner<MaaNS::ControllerNS::Action>::~AsyncRunner() [Item = MaaNS::ControllerNS::Action]] | leave, 0ms 
[2026-03-12 10:47:34.174][DBG][Px70663][Tx63717][AdbControlUnitAPI.cpp][L64][void MaaAdbControlUnitDestroy(MaaAdbControlUnitHandle)] [handle=true] | enter 
[2026-03-12 10:47:34.174][TRC][Px70663][Tx63717][AdbControlUnitAPI.cpp][L64][void MaaAdbControlUnitDestroy(MaaAdbControlUnitHandle)] | leave, 0ms 
[2026-03-12 10:47:34.174][TRC][Px70663][Tx63717][MaaFramework.cpp][L189][void MaaControllerDestroy(MaaController *)] | leave, 0ms 
[2026-03-12 10:47:34.184][DBG][Px70663][Tx63717][MaaFramework.cpp][L208][void MaaResourceDestroy(MaaResource *)] [res=true] | enter 
[2026-03-12 10:47:34.184][DBG][Px70663][Tx63717][ResourceMgr.cpp][L33][virtual MaaNS::ResourceNS::ResourceMgr::~ResourceMgr()] | enter 
[2026-03-12 10:47:34.184][TRC][Px70663][Tx63717][ResourceMgr.cpp][L33][virtual MaaNS::ResourceNS::ResourceMgr::~ResourceMgr()] | leave, 0ms 
[2026-03-12 10:47:34.184][DBG][Px70663][Tx63717][AsyncRunner.hpp][L88][virtual MaaNS::AsyncRunner<MaaNS::ResourceNS::PostPathItem>::~AsyncRunner() [Item = MaaNS::ResourceNS::PostPathItem]] | enter 
[2026-03-12 10:47:34.184][DBG][Px70663][Tx63717][AsyncRunner.hpp][L96][void MaaNS::AsyncRunner<MaaNS::ResourceNS::PostPathItem>::release() [Item = MaaNS::ResourceNS::PostPathItem]] | enter 
[2026-03-12 10:47:34.184][TRC][Px70663][Tx63717][AsyncRunner.hpp][L96][void MaaNS::AsyncRunner<MaaNS::ResourceNS::PostPathItem>::release() [Item = MaaNS::ResourceNS::PostPathItem]] | leave, 0ms 
[2026-03-12 10:47:34.184][TRC][Px70663][Tx63717][AsyncRunner.hpp][L88][virtual MaaNS::AsyncRunner<MaaNS::ResourceNS::PostPathItem>::~AsyncRunner() [Item = MaaNS::ResourceNS::PostPathItem]] | leave, 0ms 
[2026-03-12 10:47:34.185][TRC][Px70663][Tx63717][MaaFramework.cpp][L208][void MaaResourceDestroy(MaaResource *)] | leave, 0ms 
[2026-03-12 10:47:34.197][DBG][Px70663][Tx63717][Logger] ----------------------------- 
[2026-03-12 10:47:34.197][DBG][Px70663][Tx63717][Logger] Close log 
[2026-03-12 10:47:34.197][DBG][Px70663][Tx63717][Logger] ----------------------------- 
